The system is: Linux - 3.13.0-39-generic - x86_64
Compiling the C compiler identification source file "CMakeCCompilerId.c" succeeded.
Compiler: /usr/bin/cc 
Build flags: 
Id flags: 

The output was:
0


Compilation of the C compiler identification source "CMakeCCompilerId.c" produced "a.out"

The C compiler identification is GNU, found in "/home/beomjoon/Documents/Github/drake-distro/bullet/pod-build/CMakeFiles/2.8.12.2/CompilerIdC/a.out"

Compiling the CXX compiler identification source file "CMakeCXXCompilerId.cpp" succeeded.
Compiler: /usr/bin/c++ 
Build flags: 
Id flags: 

The output was:
0


Compilation of the CXX compiler identification source "CMakeCXXCompilerId.cpp" produced "a.out"

The CXX compiler identification is GNU, found in "/home/beomjoon/Documents/Github/drake-distro/bullet/pod-build/CMakeFiles/2.8.12.2/CompilerIdCXX/a.out"

Determining if the C compiler works passed with the following output:
Change Dir: /home/beomjoon/Documents/Github/drake-distro/bullet/pod-build/CMakeFiles/CMakeTmp

Run Build Command:/usr/bin/gmake "cmTryCompileExec1421806590/fast"
gmake[3]: Entering directory `/home/beomjoon/Documents/Github/drake-distro/bullet/pod-build/CMakeFiles/CMakeTmp'
/usr/bin/gmake -f CMakeFiles/cmTryCompileExec1421806590.dir/build.make CMakeFiles/cmTryCompileExec1421806590.dir/build
gmake[4]: Entering directory `/home/beomjoon/Documents/Github/drake-distro/bullet/pod-build/CMakeFiles/CMakeTmp'
/usr/bin/cmake -E cmake_progress_report /home/beomjoon/Documents/Github/drake-distro/bullet/pod-build/CMakeFiles/CMakeTmp/CMakeFiles 1
Building C object CMakeFiles/cmTryCompileExec1421806590.dir/testCCompiler.c.o
/usr/bin/cc    -o CMakeFiles/cmTryCompileExec1421806590.dir/testCCompiler.c.o   -c /home/beomjoon/Documents/Github/drake-distro/bullet/pod-build/CMakeFiles/CMakeTmp/testCCompiler.c
Linking C executable cmTryCompileExec1421806590
/usr/bin/cmake -E cmake_link_script CMakeFiles/cmTryCompileExec1421806590.dir/link.txt --verbose=1
/usr/bin/cc       CMakeFiles/cmTryCompileExec1421806590.dir/testCCompiler.c.o  -o cmTryCompileExec1421806590 -rdynamic 
gmake[4]: Leaving directory `/home/beomjoon/Documents/Github/drake-distro/bullet/pod-build/CMakeFiles/CMakeTmp'
gmake[3]: Leaving directory `/home/beomjoon/Documents/Github/drake-distro/bullet/pod-build/CMakeFiles/CMakeTmp'


Detecting C compiler ABI info compiled with the following output:
Change Dir: /home/beomjoon/Documents/Github/drake-distro/bullet/pod-build/CMakeFiles/CMakeTmp

Run Build Command:/usr/bin/gmake "cmTryCompileExec3519146970/fast"
gmake[3]: Entering directory `/home/beomjoon/Documents/Github/drake-distro/bullet/pod-build/CMakeFiles/CMakeTmp'
/usr/bin/gmake -f CMakeFiles/cmTryCompileExec3519146970.dir/build.make CMakeFiles/cmTryCompileExec3519146970.dir/build
gmake[4]: Entering directory `/home/beomjoon/Documents/Github/drake-distro/bullet/pod-build/CMakeFiles/CMakeTmp'
/usr/bin/cmake -E cmake_progress_report /home/beomjoon/Documents/Github/drake-distro/bullet/pod-build/CMakeFiles/CMakeTmp/CMakeFiles 1
Building C object CMakeFiles/cmTryCompileExec3519146970.dir/CMakeCCompilerABI.c.o
/usr/bin/cc    -o CMakeFiles/cmTryCompileExec3519146970.dir/CMakeCCompilerABI.c.o   -c /usr/share/cmake-2.8/Modules/CMakeCCompilerABI.c
Linking C executable cmTryCompileExec3519146970
/usr/bin/cmake -E cmake_link_script CMakeFiles/cmTryCompileExec3519146970.dir/link.txt --verbose=1
/usr/bin/cc     -v CMakeFiles/cmTryCompileExec3519146970.dir/CMakeCCompilerABI.c.o  -o cmTryCompileExec3519146970 -rdynamic  
Using built-in specs.
COLLECT_GCC=/usr/bin/cc
COLLECT_LTO_WRAPPER=/usr/lib/gcc/x86_64-linux-gnu/4.8/lto-wrapper
Target: x86_64-linux-gnu
Configured with: ../src/configure -v --with-pkgversion='Ubuntu 4.8.2-19ubuntu1' --with-bugurl=file:///usr/share/doc/gcc-4.8/README.Bugs --enable-languages=c,c++,java,go,d,fortran,objc,obj-c++ --prefix=/usr --program-suffix=-4.8 --enable-shared --enable-linker-build-id --libexecdir=/usr/lib --without-included-gettext --enable-threads=posix --with-gxx-include-dir=/usr/include/c++/4.8 --libdir=/usr/lib --enable-nls --with-sysroot=/ --enable-clocale=gnu --enable-libstdcxx-debug --enable-libstdcxx-time=yes --enable-gnu-unique-object --disable-libmudflap --enable-plugin --with-system-zlib --disable-browser-plugin --enable-java-awt=gtk --enable-gtk-cairo --with-java-home=/usr/lib/jvm/java-1.5.0-gcj-4.8-amd64/jre --enable-java-home --with-jvm-root-dir=/usr/lib/jvm/java-1.5.0-gcj-4.8-amd64 --with-jvm-jar-dir=/usr/lib/jvm-exports/java-1.5.0-gcj-4.8-amd64 --with-arch-directory=amd64 --with-ecj-jar=/usr/share/java/eclipse-ecj.jar --enable-objc-gc --enable-multiarch --disable-werror --with-arch-32=i686 --with-abi=m64 --with-multilib-list=m32,m64,mx32 --with-tune=generic --enable-checking=release --build=x86_64-linux-gnu --host=x86_64-linux-gnu --target=x86_64-linux-gnu
Thread model: posix
gcc version 4.8.2 (Ubuntu 4.8.2-19ubuntu1) 
COMPILER_PATH=/usr/lib/gcc/x86_64-linux-gnu/4.8/:/usr/lib/gcc/x86_64-linux-gnu/4.8/:/usr/lib/gcc/x86_64-linux-gnu/:/usr/lib/gcc/x86_64-linux-gnu/4.8/:/usr/lib/gcc/x86_64-linux-gnu/
LIBRARY_PATH=/usr/lib/gcc/x86_64-linux-gnu/4.8/:/usr/lib/gcc/x86_64-linux-gnu/4.8/../../../x86_64-linux-gnu/:/usr/lib/gcc/x86_64-linux-gnu/4.8/../../../../lib/:/lib/x86_64-linux-gnu/:/lib/../lib/:/usr/lib/x86_64-linux-gnu/:/usr/lib/../lib/:/usr/lib/gcc/x86_64-linux-gnu/4.8/../../../:/lib/:/usr/lib/
COLLECT_GCC_OPTIONS='-v' '-o' 'cmTryCompileExec3519146970' '-rdynamic' '-mtune=generic' '-march=x86-64'
 /usr/lib/gcc/x86_64-linux-gnu/4.8/collect2 --sysroot=/ --build-id --eh-frame-hdr -m elf_x86_64 --hash-style=gnu --as-needed -export-dynamic -dynamic-linker /lib64/ld-linux-x86-64.so.2 -z relro -o cmTryCompileExec3519146970 /usr/lib/gcc/x86_64-linux-gnu/4.8/../../../x86_64-linux-gnu/crt1.o /usr/lib/gcc/x86_64-linux-gnu/4.8/../../../x86_64-linux-gnu/crti.o /usr/lib/gcc/x86_64-linux-gnu/4.8/crtbegin.o -L/usr/lib/gcc/x86_64-linux-gnu/4.8 -L/usr/lib/gcc/x86_64-linux-gnu/4.8/../../../x86_64-linux-gnu -L/usr/lib/gcc/x86_64-linux-gnu/4.8/../../../../lib -L/lib/x86_64-linux-gnu -L/lib/../lib -L/usr/lib/x86_64-linux-gnu -L/usr/lib/../lib -L/usr/lib/gcc/x86_64-linux-gnu/4.8/../../.. CMakeFiles/cmTryCompileExec3519146970.dir/CMakeCCompilerABI.c.o -lgcc --as-needed -lgcc_s --no-as-needed -lc -lgcc --as-needed -lgcc_s --no-as-needed /usr/lib/gcc/x86_64-linux-gnu/4.8/crtend.o /usr/lib/gcc/x86_64-linux-gnu/4.8/../../../x86_64-linux-gnu/crtn.o
gmake[4]: Leaving directory `/home/beomjoon/Documents/Github/drake-distro/bullet/pod-build/CMakeFiles/CMakeTmp'
gmake[3]: Leaving directory `/home/beomjoon/Documents/Github/drake-distro/bullet/pod-build/CMakeFiles/CMakeTmp'


Parsed C implicit link information from above output:
  link line regex: [^( *|.*[/\])(ld|([^/\]+-)?ld|collect2)[^/\]*( |$)]
  ignore line: [Change Dir: /home/beomjoon/Documents/Github/drake-distro/bullet/pod-build/CMakeFiles/CMakeTmp]
  ignore line: []
  ignore line: [Run Build Command:/usr/bin/gmake "cmTryCompileExec3519146970/fast"]
  ignore line: [gmake[3]: Entering directory `/home/beomjoon/Documents/Github/drake-distro/bullet/pod-build/CMakeFiles/CMakeTmp']
  ignore line: [/usr/bin/gmake -f CMakeFiles/cmTryCompileExec3519146970.dir/build.make CMakeFiles/cmTryCompileExec3519146970.dir/build]
  ignore line: [gmake[4]: Entering directory `/home/beomjoon/Documents/Github/drake-distro/bullet/pod-build/CMakeFiles/CMakeTmp']
  ignore line: [/usr/bin/cmake -E cmake_progress_report /home/beomjoon/Documents/Github/drake-distro/bullet/pod-build/CMakeFiles/CMakeTmp/CMakeFiles 1]
  ignore line: [Building C object CMakeFiles/cmTryCompileExec3519146970.dir/CMakeCCompilerABI.c.o]
  ignore line: [/usr/bin/cc    -o CMakeFiles/cmTryCompileExec3519146970.dir/CMakeCCompilerABI.c.o   -c /usr/share/cmake-2.8/Modules/CMakeCCompilerABI.c]
  ignore line: [Linking C executable cmTryCompileExec3519146970]
  ignore line: [/usr/bin/cmake -E cmake_link_script CMakeFiles/cmTryCompileExec3519146970.dir/link.txt --verbose=1]
  ignore line: [/usr/bin/cc     -v CMakeFiles/cmTryCompileExec3519146970.dir/CMakeCCompilerABI.c.o  -o cmTryCompileExec3519146970 -rdynamic  ]
  ignore line: [Using built-in specs.]
  ignore line: [COLLECT_GCC=/usr/bin/cc]
  ignore line: [COLLECT_LTO_WRAPPER=/usr/lib/gcc/x86_64-linux-gnu/4.8/lto-wrapper]
  ignore line: [Target: x86_64-linux-gnu]
  ignore line: [Configured with: ../src/configure -v --with-pkgversion='Ubuntu 4.8.2-19ubuntu1' --with-bugurl=file:///usr/share/doc/gcc-4.8/README.Bugs --enable-languages=c,c++,java,go,d,fortran,objc,obj-c++ --prefix=/usr --program-suffix=-4.8 --enable-shared --enable-linker-build-id --libexecdir=/usr/lib --without-included-gettext --enable-threads=posix --with-gxx-include-dir=/usr/include/c++/4.8 --libdir=/usr/lib --enable-nls --with-sysroot=/ --enable-clocale=gnu --enable-libstdcxx-debug --enable-libstdcxx-time=yes --enable-gnu-unique-object --disable-libmudflap --enable-plugin --with-system-zlib --disable-browser-plugin --enable-java-awt=gtk --enable-gtk-cairo --with-java-home=/usr/lib/jvm/java-1.5.0-gcj-4.8-amd64/jre --enable-java-home --with-jvm-root-dir=/usr/lib/jvm/java-1.5.0-gcj-4.8-amd64 --with-jvm-jar-dir=/usr/lib/jvm-exports/java-1.5.0-gcj-4.8-amd64 --with-arch-directory=amd64 --with-ecj-jar=/usr/share/java/eclipse-ecj.jar --enable-objc-gc --enable-multiarch --disable-werror --with-arch-32=i686 --with-abi=m64 --with-multilib-list=m32,m64,mx32 --with-tune=generic --enable-checking=release --build=x86_64-linux-gnu --host=x86_64-linux-gnu --target=x86_64-linux-gnu]
  ignore line: [Thread model: posix]
  ignore line: [gcc version 4.8.2 (Ubuntu 4.8.2-19ubuntu1) ]
  ignore line: [COMPILER_PATH=/usr/lib/gcc/x86_64-linux-gnu/4.8/:/usr/lib/gcc/x86_64-linux-gnu/4.8/:/usr/lib/gcc/x86_64-linux-gnu/:/usr/lib/gcc/x86_64-linux-gnu/4.8/:/usr/lib/gcc/x86_64-linux-gnu/]
  ignore line: [LIBRARY_PATH=/usr/lib/gcc/x86_64-linux-gnu/4.8/:/usr/lib/gcc/x86_64-linux-gnu/4.8/../../../x86_64-linux-gnu/:/usr/lib/gcc/x86_64-linux-gnu/4.8/../../../../lib/:/lib/x86_64-linux-gnu/:/lib/../lib/:/usr/lib/x86_64-linux-gnu/:/usr/lib/../lib/:/usr/lib/gcc/x86_64-linux-gnu/4.8/../../../:/lib/:/usr/lib/]
  ignore line: [COLLECT_GCC_OPTIONS='-v' '-o' 'cmTryCompileExec3519146970' '-rdynamic' '-mtune=generic' '-march=x86-64']
  link line: [ /usr/lib/gcc/x86_64-linux-gnu/4.8/collect2 --sysroot=/ --build-id --eh-frame-hdr -m elf_x86_64 --hash-style=gnu --as-needed -export-dynamic -dynamic-linker /lib64/ld-linux-x86-64.so.2 -z relro -o cmTryCompileExec3519146970 /usr/lib/gcc/x86_64-linux-gnu/4.8/../../../x86_64-linux-gnu/crt1.o /usr/lib/gcc/x86_64-linux-gnu/4.8/../../../x86_64-linux-gnu/crti.o /usr/lib/gcc/x86_64-linux-gnu/4.8/crtbegin.o -L/usr/lib/gcc/x86_64-linux-gnu/4.8 -L/usr/lib/gcc/x86_64-linux-gnu/4.8/../../../x86_64-linux-gnu -L/usr/lib/gcc/x86_64-linux-gnu/4.8/../../../../lib -L/lib/x86_64-linux-gnu -L/lib/../lib -L/usr/lib/x86_64-linux-gnu -L/usr/lib/../lib -L/usr/lib/gcc/x86_64-linux-gnu/4.8/../../.. CMakeFiles/cmTryCompileExec3519146970.dir/CMakeCCompilerABI.c.o -lgcc --as-needed -lgcc_s --no-as-needed -lc -lgcc --as-needed -lgcc_s --no-as-needed /usr/lib/gcc/x86_64-linux-gnu/4.8/crtend.o /usr/lib/gcc/x86_64-linux-gnu/4.8/../../../x86_64-linux-gnu/crtn.o]
    arg [/usr/lib/gcc/x86_64-linux-gnu/4.8/collect2] ==> ignore
    arg [--sysroot=/] ==> ignore
    arg [--build-id] ==> ignore
    arg [--eh-frame-hdr] ==> ignore
    arg [-m] ==> ignore
    arg [elf_x86_64] ==> ignore
    arg [--hash-style=gnu] ==> ignore
    arg [--as-needed] ==> ignore
    arg [-export-dynamic] ==> ignore
    arg [-dynamic-linker] ==> ignore
    arg [/lib64/ld-linux-x86-64.so.2] ==> ignore
    arg [-zrelro] ==> ignore
    arg [-o] ==> ignore
    arg [cmTryCompileExec3519146970] ==> ignore
    arg [/usr/lib/gcc/x86_64-linux-gnu/4.8/../../../x86_64-linux-gnu/crt1.o] ==> ignore
    arg [/usr/lib/gcc/x86_64-linux-gnu/4.8/../../../x86_64-linux-gnu/crti.o] ==> ignore
    arg [/usr/lib/gcc/x86_64-linux-gnu/4.8/crtbegin.o] ==> ignore
    arg [-L/usr/lib/gcc/x86_64-linux-gnu/4.8] ==> dir [/usr/lib/gcc/x86_64-linux-gnu/4.8]
    arg [-L/usr/lib/gcc/x86_64-linux-gnu/4.8/../../../x86_64-linux-gnu] ==> dir [/usr/lib/gcc/x86_64-linux-gnu/4.8/../../../x86_64-linux-gnu]
    arg [-L/usr/lib/gcc/x86_64-linux-gnu/4.8/../../../../lib] ==> dir [/usr/lib/gcc/x86_64-linux-gnu/4.8/../../../../lib]
    arg [-L/lib/x86_64-linux-gnu] ==> dir [/lib/x86_64-linux-gnu]
    arg [-L/lib/../lib] ==> dir [/lib/../lib]
    arg [-L/usr/lib/x86_64-linux-gnu] ==> dir [/usr/lib/x86_64-linux-gnu]
    arg [-L/usr/lib/../lib] ==> dir [/usr/lib/../lib]
    arg [-L/usr/lib/gcc/x86_64-linux-gnu/4.8/../../..] ==> dir [/usr/lib/gcc/x86_64-linux-gnu/4.8/../../..]
    arg [CMakeFiles/cmTryCompileExec3519146970.dir/CMakeCCompilerABI.c.o] ==> ignore
    arg [-lgcc] ==> lib [gcc]
    arg [--as-needed] ==> ignore
    arg [-lgcc_s] ==> lib [gcc_s]
    arg [--no-as-needed] ==> ignore
    arg [-lc] ==> lib [c]
    arg [-lgcc] ==> lib [gcc]
    arg [--as-needed] ==> ignore
    arg [-lgcc_s] ==> lib [gcc_s]
    arg [--no-as-needed] ==> ignore
    arg [/usr/lib/gcc/x86_64-linux-gnu/4.8/crtend.o] ==> ignore
    arg [/usr/lib/gcc/x86_64-linux-gnu/4.8/../../../x86_64-linux-gnu/crtn.o] ==> ignore
  remove lib [gcc]
  remove lib [gcc_s]
  remove lib [gcc]
  remove lib [gcc_s]
  collapse library dir [/usr/lib/gcc/x86_64-linux-gnu/4.8] ==> [/usr/lib/gcc/x86_64-linux-gnu/4.8]
  collapse library dir [/usr/lib/gcc/x86_64-linux-gnu/4.8/../../../x86_64-linux-gnu] ==> [/usr/lib/x86_64-linux-gnu]
  collapse library dir [/usr/lib/gcc/x86_64-linux-gnu/4.8/../../../../lib] ==> [/usr/lib]
  collapse library dir [/lib/x86_64-linux-gnu] ==> [/lib/x86_64-linux-gnu]
  collapse library dir [/lib/../lib] ==> [/lib]
  collapse library dir [/usr/lib/x86_64-linux-gnu] ==> [/usr/lib/x86_64-linux-gnu]
  collapse library dir [/usr/lib/../lib] ==> [/usr/lib]
  collapse library dir [/usr/lib/gcc/x86_64-linux-gnu/4.8/../../..] ==> [/usr/lib]
  implicit libs: [c]
  implicit dirs: [/usr/lib/gcc/x86_64-linux-gnu/4.8;/usr/lib/x86_64-linux-gnu;/usr/lib;/lib/x86_64-linux-gnu;/lib]
  implicit fwks: []


Determining if the CXX compiler works passed with the following output:
Change Dir: /home/beomjoon/Documents/Github/drake-distro/bullet/pod-build/CMakeFiles/CMakeTmp

Run Build Command:/usr/bin/gmake "cmTryCompileExec4031510896/fast"
gmake[3]: Entering directory `/home/beomjoon/Documents/Github/drake-distro/bullet/pod-build/CMakeFiles/CMakeTmp'
/usr/bin/gmake -f CMakeFiles/cmTryCompileExec4031510896.dir/build.make CMakeFiles/cmTryCompileExec4031510896.dir/build
gmake[4]: Entering directory `/home/beomjoon/Documents/Github/drake-distro/bullet/pod-build/CMakeFiles/CMakeTmp'
/usr/bin/cmake -E cmake_progress_report /home/beomjoon/Documents/Github/drake-distro/bullet/pod-build/CMakeFiles/CMakeTmp/CMakeFiles 1
Building CXX object CMakeFiles/cmTryCompileExec4031510896.dir/testCXXCompiler.cxx.o
/usr/bin/c++     -o CMakeFiles/cmTryCompileExec4031510896.dir/testCXXCompiler.cxx.o -c /home/beomjoon/Documents/Github/drake-distro/bullet/pod-build/CMakeFiles/CMakeTmp/testCXXCompiler.cxx
Linking CXX executable cmTryCompileExec4031510896
/usr/bin/cmake -E cmake_link_script CMakeFiles/cmTryCompileExec4031510896.dir/link.txt --verbose=1
/usr/bin/c++        CMakeFiles/cmTryCompileExec4031510896.dir/testCXXCompiler.cxx.o  -o cmTryCompileExec4031510896 -rdynamic 
gmake[4]: Leaving directory `/home/beomjoon/Documents/Github/drake-distro/bullet/pod-build/CMakeFiles/CMakeTmp'
gmake[3]: Leaving directory `/home/beomjoon/Documents/Github/drake-distro/bullet/pod-build/CMakeFiles/CMakeTmp'


Detecting CXX compiler ABI info compiled with the following output:
Change Dir: /home/beomjoon/Documents/Github/drake-distro/bullet/pod-build/CMakeFiles/CMakeTmp

Run Build Command:/usr/bin/gmake "cmTryCompileExec4193132604/fast"
gmake[3]: Entering directory `/home/beomjoon/Documents/Github/drake-distro/bullet/pod-build/CMakeFiles/CMakeTmp'
/usr/bin/gmake -f CMakeFiles/cmTryCompileExec4193132604.dir/build.make CMakeFiles/cmTryCompileExec4193132604.dir/build
gmake[4]: Entering directory `/home/beomjoon/Documents/Github/drake-distro/bullet/pod-build/CMakeFiles/CMakeTmp'
/usr/bin/cmake -E cmake_progress_report /home/beomjoon/Documents/Github/drake-distro/bullet/pod-build/CMakeFiles/CMakeTmp/CMakeFiles 1
Building CXX object CMakeFiles/cmTryCompileExec4193132604.dir/CMakeCXXCompilerABI.cpp.o
/usr/bin/c++     -o CMakeFiles/cmTryCompileExec4193132604.dir/CMakeCXXCompilerABI.cpp.o -c /usr/share/cmake-2.8/Modules/CMakeCXXCompilerABI.cpp
Linking CXX executable cmTryCompileExec4193132604
/usr/bin/cmake -E cmake_link_script CMakeFiles/cmTryCompileExec4193132604.dir/link.txt --verbose=1
/usr/bin/c++      -v CMakeFiles/cmTryCompileExec4193132604.dir/CMakeCXXCompilerABI.cpp.o  -o cmTryCompileExec4193132604 -rdynamic  
Using built-in specs.
COLLECT_GCC=/usr/bin/c++
COLLECT_LTO_WRAPPER=/usr/lib/gcc/x86_64-linux-gnu/4.8/lto-wrapper
Target: x86_64-linux-gnu
Configured with: ../src/configure -v --with-pkgversion='Ubuntu 4.8.2-19ubuntu1' --with-bugurl=file:///usr/share/doc/gcc-4.8/README.Bugs --enable-languages=c,c++,java,go,d,fortran,objc,obj-c++ --prefix=/usr --program-suffix=-4.8 --enable-shared --enable-linker-build-id --libexecdir=/usr/lib --without-included-gettext --enable-threads=posix --with-gxx-include-dir=/usr/include/c++/4.8 --libdir=/usr/lib --enable-nls --with-sysroot=/ --enable-clocale=gnu --enable-libstdcxx-debug --enable-libstdcxx-time=yes --enable-gnu-unique-object --disable-libmudflap --enable-plugin --with-system-zlib --disable-browser-plugin --enable-java-awt=gtk --enable-gtk-cairo --with-java-home=/usr/lib/jvm/java-1.5.0-gcj-4.8-amd64/jre --enable-java-home --with-jvm-root-dir=/usr/lib/jvm/java-1.5.0-gcj-4.8-amd64 --with-jvm-jar-dir=/usr/lib/jvm-exports/java-1.5.0-gcj-4.8-amd64 --with-arch-directory=amd64 --with-ecj-jar=/usr/share/java/eclipse-ecj.jar --enable-objc-gc --enable-multiarch --disable-werror --with-arch-32=i686 --with-abi=m64 --with-multilib-list=m32,m64,mx32 --with-tune=generic --enable-checking=release --build=x86_64-linux-gnu --host=x86_64-linux-gnu --target=x86_64-linux-gnu
Thread model: posix
gcc version 4.8.2 (Ubuntu 4.8.2-19ubuntu1) 
COMPILER_PATH=/usr/lib/gcc/x86_64-linux-gnu/4.8/:/usr/lib/gcc/x86_64-linux-gnu/4.8/:/usr/lib/gcc/x86_64-linux-gnu/:/usr/lib/gcc/x86_64-linux-gnu/4.8/:/usr/lib/gcc/x86_64-linux-gnu/
LIBRARY_PATH=/usr/lib/gcc/x86_64-linux-gnu/4.8/:/usr/lib/gcc/x86_64-linux-gnu/4.8/../../../x86_64-linux-gnu/:/usr/lib/gcc/x86_64-linux-gnu/4.8/../../../../lib/:/lib/x86_64-linux-gnu/:/lib/../lib/:/usr/lib/x86_64-linux-gnu/:/usr/lib/../lib/:/usr/lib/gcc/x86_64-linux-gnu/4.8/../../../:/lib/:/usr/lib/
COLLECT_GCC_OPTIONS='-v' '-o' 'cmTryCompileExec4193132604' '-rdynamic' '-shared-libgcc' '-mtune=generic' '-march=x86-64'
 /usr/lib/gcc/x86_64-linux-gnu/4.8/collect2 --sysroot=/ --build-id --eh-frame-hdr -m elf_x86_64 --hash-style=gnu --as-needed -export-dynamic -dynamic-linker /lib64/ld-linux-x86-64.so.2 -z relro -o cmTryCompileExec4193132604 /usr/lib/gcc/x86_64-linux-gnu/4.8/../../../x86_64-linux-gnu/crt1.o /usr/lib/gcc/x86_64-linux-gnu/4.8/../../../x86_64-linux-gnu/crti.o /usr/lib/gcc/x86_64-linux-gnu/4.8/crtbegin.o -L/usr/lib/gcc/x86_64-linux-gnu/4.8 -L/usr/lib/gcc/x86_64-linux-gnu/4.8/../../../x86_64-linux-gnu -L/usr/lib/gcc/x86_64-linux-gnu/4.8/../../../../lib -L/lib/x86_64-linux-gnu -L/lib/../lib -L/usr/lib/x86_64-linux-gnu -L/usr/lib/../lib -L/usr/lib/gcc/x86_64-linux-gnu/4.8/../../.. CMakeFiles/cmTryCompileExec4193132604.dir/CMakeCXXCompilerABI.cpp.o -lstdc++ -lm -lgcc_s -lgcc -lc -lgcc_s -lgcc /usr/lib/gcc/x86_64-linux-gnu/4.8/crtend.o /usr/lib/gcc/x86_64-linux-gnu/4.8/../../../x86_64-linux-gnu/crtn.o
gmake[4]: Leaving directory `/home/beomjoon/Documents/Github/drake-distro/bullet/pod-build/CMakeFiles/CMakeTmp'
gmake[3]: Leaving directory `/home/beomjoon/Documents/Github/drake-distro/bullet/pod-build/CMakeFiles/CMakeTmp'


Parsed CXX implicit link information from above output:
  link line regex: [^( *|.*[/\])(ld|([^/\]+-)?ld|collect2)[^/\]*( |$)]
  ignore line: [Change Dir: /home/beomjoon/Documents/Github/drake-distro/bullet/pod-build/CMakeFiles/CMakeTmp]
  ignore line: []
  ignore line: [Run Build Command:/usr/bin/gmake "cmTryCompileExec4193132604/fast"]
  ignore line: [gmake[3]: Entering directory `/home/beomjoon/Documents/Github/drake-distro/bullet/pod-build/CMakeFiles/CMakeTmp']
  ignore line: [/usr/bin/gmake -f CMakeFiles/cmTryCompileExec4193132604.dir/build.make CMakeFiles/cmTryCompileExec4193132604.dir/build]
  ignore line: [gmake[4]: Entering directory `/home/beomjoon/Documents/Github/drake-distro/bullet/pod-build/CMakeFiles/CMakeTmp']
  ignore line: [/usr/bin/cmake -E cmake_progress_report /home/beomjoon/Documents/Github/drake-distro/bullet/pod-build/CMakeFiles/CMakeTmp/CMakeFiles 1]
  ignore line: [Building CXX object CMakeFiles/cmTryCompileExec4193132604.dir/CMakeCXXCompilerABI.cpp.o]
  ignore line: [/usr/bin/c++     -o CMakeFiles/cmTryCompileExec4193132604.dir/CMakeCXXCompilerABI.cpp.o -c /usr/share/cmake-2.8/Modules/CMakeCXXCompilerABI.cpp]
  ignore line: [Linking CXX executable cmTryCompileExec4193132604]
  ignore line: [/usr/bin/cmake -E cmake_link_script CMakeFiles/cmTryCompileExec4193132604.dir/link.txt --verbose=1]
  ignore line: [/usr/bin/c++      -v CMakeFiles/cmTryCompileExec4193132604.dir/CMakeCXXCompilerABI.cpp.o  -o cmTryCompileExec4193132604 -rdynamic  ]
  ignore line: [Using built-in specs.]
  ignore line: [COLLECT_GCC=/usr/bin/c++]
  ignore line: [COLLECT_LTO_WRAPPER=/usr/lib/gcc/x86_64-linux-gnu/4.8/lto-wrapper]
  ignore line: [Target: x86_64-linux-gnu]
  ignore line: [Configured with: ../src/configure -v --with-pkgversion='Ubuntu 4.8.2-19ubuntu1' --with-bugurl=file:///usr/share/doc/gcc-4.8/README.Bugs --enable-languages=c,c++,java,go,d,fortran,objc,obj-c++ --prefix=/usr --program-suffix=-4.8 --enable-shared --enable-linker-build-id --libexecdir=/usr/lib --without-included-gettext --enable-threads=posix --with-gxx-include-dir=/usr/include/c++/4.8 --libdir=/usr/lib --enable-nls --with-sysroot=/ --enable-clocale=gnu --enable-libstdcxx-debug --enable-libstdcxx-time=yes --enable-gnu-unique-object --disable-libmudflap --enable-plugin --with-system-zlib --disable-browser-plugin --enable-java-awt=gtk --enable-gtk-cairo --with-java-home=/usr/lib/jvm/java-1.5.0-gcj-4.8-amd64/jre --enable-java-home --with-jvm-root-dir=/usr/lib/jvm/java-1.5.0-gcj-4.8-amd64 --with-jvm-jar-dir=/usr/lib/jvm-exports/java-1.5.0-gcj-4.8-amd64 --with-arch-directory=amd64 --with-ecj-jar=/usr/share/java/eclipse-ecj.jar --enable-objc-gc --enable-multiarch --disable-werror --with-arch-32=i686 --with-abi=m64 --with-multilib-list=m32,m64,mx32 --with-tune=generic --enable-checking=release --build=x86_64-linux-gnu --host=x86_64-linux-gnu --target=x86_64-linux-gnu]
  ignore line: [Thread model: posix]
  ignore line: [gcc version 4.8.2 (Ubuntu 4.8.2-19ubuntu1) ]
  ignore line: [COMPILER_PATH=/usr/lib/gcc/x86_64-linux-gnu/4.8/:/usr/lib/gcc/x86_64-linux-gnu/4.8/:/usr/lib/gcc/x86_64-linux-gnu/:/usr/lib/gcc/x86_64-linux-gnu/4.8/:/usr/lib/gcc/x86_64-linux-gnu/]
  ignore line: [LIBRARY_PATH=/usr/lib/gcc/x86_64-linux-gnu/4.8/:/usr/lib/gcc/x86_64-linux-gnu/4.8/../../../x86_64-linux-gnu/:/usr/lib/gcc/x86_64-linux-gnu/4.8/../../../../lib/:/lib/x86_64-linux-gnu/:/lib/../lib/:/usr/lib/x86_64-linux-gnu/:/usr/lib/../lib/:/usr/lib/gcc/x86_64-linux-gnu/4.8/../../../:/lib/:/usr/lib/]
  ignore line: [COLLECT_GCC_OPTIONS='-v' '-o' 'cmTryCompileExec4193132604' '-rdynamic' '-shared-libgcc' '-mtune=generic' '-march=x86-64']
  link line: [ /usr/lib/gcc/x86_64-linux-gnu/4.8/collect2 --sysroot=/ --build-id --eh-frame-hdr -m elf_x86_64 --hash-style=gnu --as-needed -export-dynamic -dynamic-linker /lib64/ld-linux-x86-64.so.2 -z relro -o cmTryCompileExec4193132604 /usr/lib/gcc/x86_64-linux-gnu/4.8/../../../x86_64-linux-gnu/crt1.o /usr/lib/gcc/x86_64-linux-gnu/4.8/../../../x86_64-linux-gnu/crti.o /usr/lib/gcc/x86_64-linux-gnu/4.8/crtbegin.o -L/usr/lib/gcc/x86_64-linux-gnu/4.8 -L/usr/lib/gcc/x86_64-linux-gnu/4.8/../../../x86_64-linux-gnu -L/usr/lib/gcc/x86_64-linux-gnu/4.8/../../../../lib -L/lib/x86_64-linux-gnu -L/lib/../lib -L/usr/lib/x86_64-linux-gnu -L/usr/lib/../lib -L/usr/lib/gcc/x86_64-linux-gnu/4.8/../../.. CMakeFiles/cmTryCompileExec4193132604.dir/CMakeCXXCompilerABI.cpp.o -lstdc++ -lm -lgcc_s -lgcc -lc -lgcc_s -lgcc /usr/lib/gcc/x86_64-linux-gnu/4.8/crtend.o /usr/lib/gcc/x86_64-linux-gnu/4.8/../../../x86_64-linux-gnu/crtn.o]
    arg [/usr/lib/gcc/x86_64-linux-gnu/4.8/collect2] ==> ignore
    arg [--sysroot=/] ==> ignore
    arg [--build-id] ==> ignore
    arg [--eh-frame-hdr] ==> ignore
    arg [-m] ==> ignore
    arg [elf_x86_64] ==> ignore
    arg [--hash-style=gnu] ==> ignore
    arg [--as-needed] ==> ignore
    arg [-export-dynamic] ==> ignore
    arg [-dynamic-linker] ==> ignore
    arg [/lib64/ld-linux-x86-64.so.2] ==> ignore
    arg [-zrelro] ==> ignore
    arg [-o] ==> ignore
    arg [cmTryCompileExec4193132604] ==> ignore
    arg [/usr/lib/gcc/x86_64-linux-gnu/4.8/../../../x86_64-linux-gnu/crt1.o] ==> ignore
    arg [/usr/lib/gcc/x86_64-linux-gnu/4.8/../../../x86_64-linux-gnu/crti.o] ==> ignore
    arg [/usr/lib/gcc/x86_64-linux-gnu/4.8/crtbegin.o] ==> ignore
    arg [-L/usr/lib/gcc/x86_64-linux-gnu/4.8] ==> dir [/usr/lib/gcc/x86_64-linux-gnu/4.8]
    arg [-L/usr/lib/gcc/x86_64-linux-gnu/4.8/../../../x86_64-linux-gnu] ==> dir [/usr/lib/gcc/x86_64-linux-gnu/4.8/../../../x86_64-linux-gnu]
    arg [-L/usr/lib/gcc/x86_64-linux-gnu/4.8/../../../../lib] ==> dir [/usr/lib/gcc/x86_64-linux-gnu/4.8/../../../../lib]
    arg [-L/lib/x86_64-linux-gnu] ==> dir [/lib/x86_64-linux-gnu]
    arg [-L/lib/../lib] ==> dir [/lib/../lib]
    arg [-L/usr/lib/x86_64-linux-gnu] ==> dir [/usr/lib/x86_64-linux-gnu]
    arg [-L/usr/lib/../lib] ==> dir [/usr/lib/../lib]
    arg [-L/usr/lib/gcc/x86_64-linux-gnu/4.8/../../..] ==> dir [/usr/lib/gcc/x86_64-linux-gnu/4.8/../../..]
    arg [CMakeFiles/cmTryCompileExec4193132604.dir/CMakeCXXCompilerABI.cpp.o] ==> ignore
    arg [-lstdc++] ==> lib [stdc++]
    arg [-lm] ==> lib [m]
    arg [-lgcc_s] ==> lib [gcc_s]
    arg [-lgcc] ==> lib [gcc]
    arg [-lc] ==> lib [c]
    arg [-lgcc_s] ==> lib [gcc_s]
    arg [-lgcc] ==> lib [gcc]
    arg [/usr/lib/gcc/x86_64-linux-gnu/4.8/crtend.o] ==> ignore
    arg [/usr/lib/gcc/x86_64-linux-gnu/4.8/../../../x86_64-linux-gnu/crtn.o] ==> ignore
  remove lib [gcc_s]
  remove lib [gcc]
  remove lib [gcc_s]
  remove lib [gcc]
  collapse library dir [/usr/lib/gcc/x86_64-linux-gnu/4.8] ==> [/usr/lib/gcc/x86_64-linux-gnu/4.8]
  collapse library dir [/usr/lib/gcc/x86_64-linux-gnu/4.8/../../../x86_64-linux-gnu] ==> [/usr/lib/x86_64-linux-gnu]
  collapse library dir [/usr/lib/gcc/x86_64-linux-gnu/4.8/../../../../lib] ==> [/usr/lib]
  collapse library dir [/lib/x86_64-linux-gnu] ==> [/lib/x86_64-linux-gnu]
  collapse library dir [/lib/../lib] ==> [/lib]
  collapse library dir [/usr/lib/x86_64-linux-gnu] ==> [/usr/lib/x86_64-linux-gnu]
  collapse library dir [/usr/lib/../lib] ==> [/usr/lib]
  collapse library dir [/usr/lib/gcc/x86_64-linux-gnu/4.8/../../..] ==> [/usr/lib]
  implicit libs: [stdc++;m;c]
  implicit dirs: [/usr/lib/gcc/x86_64-linux-gnu/4.8;/usr/lib/x86_64-linux-gnu;/usr/lib;/lib/x86_64-linux-gnu;/lib]
  implicit fwks: []


Determining if the function XOpenDisplay exists in the /usr/lib/x86_64-linux-gnu/libX11.so;/usr/lib/x86_64-linux-gnu/libXext.so passed with the following output:
Change Dir: /home/beomjoon/Documents/Github/drake-distro/bullet/pod-build/CMakeFiles/CMakeTmp

Run Build Command:/usr/bin/gmake "cmTryCompileExec2760167915/fast"
gmake[3]: Entering directory `/home/beomjoon/Documents/Github/drake-distro/bullet/pod-build/CMakeFiles/CMakeTmp'
/usr/bin/gmake -f CMakeFiles/cmTryCompileExec2760167915.dir/build.make CMakeFiles/cmTryCompileExec2760167915.dir/build
gmake[4]: Entering directory `/home/beomjoon/Documents/Github/drake-distro/bullet/pod-build/CMakeFiles/CMakeTmp'
/usr/bin/cmake -E cmake_progress_report /home/beomjoon/Documents/Github/drake-distro/bullet/pod-build/CMakeFiles/CMakeTmp/CMakeFiles 1
Building C object CMakeFiles/cmTryCompileExec2760167915.dir/CheckFunctionExists.c.o
/usr/bin/cc   -DCHECK_FUNCTION_EXISTS=XOpenDisplay   -o CMakeFiles/cmTryCompileExec2760167915.dir/CheckFunctionExists.c.o   -c /usr/share/cmake-2.8/Modules/CheckFunctionExists.c
Linking C executable cmTryCompileExec2760167915
/usr/bin/cmake -E cmake_link_script CMakeFiles/cmTryCompileExec2760167915.dir/link.txt --verbose=1
/usr/bin/cc   -DCHECK_FUNCTION_EXISTS=XOpenDisplay    CMakeFiles/cmTryCompileExec2760167915.dir/CheckFunctionExists.c.o  -o cmTryCompileExec2760167915 -rdynamic -lX11 -lXext 
gmake[4]: Leaving directory `/home/beomjoon/Documents/Github/drake-distro/bullet/pod-build/CMakeFiles/CMakeTmp'
gmake[3]: Leaving directory `/home/beomjoon/Documents/Github/drake-distro/bullet/pod-build/CMakeFiles/CMakeTmp'


Determining if the function gethostbyname exists passed with the following output:
Change Dir: /home/beomjoon/Documents/Github/drake-distro/bullet/pod-build/CMakeFiles/CMakeTmp

Run Build Command:/usr/bin/gmake "cmTryCompileExec324510513/fast"
gmake[3]: Entering directory `/home/beomjoon/Documents/Github/drake-distro/bullet/pod-build/CMakeFiles/CMakeTmp'
/usr/bin/gmake -f CMakeFiles/cmTryCompileExec324510513.dir/build.make CMakeFiles/cmTryCompileExec324510513.dir/build
gmake[4]: Entering directory `/home/beomjoon/Documents/Github/drake-distro/bullet/pod-build/CMakeFiles/CMakeTmp'
/usr/bin/cmake -E cmake_progress_report /home/beomjoon/Documents/Github/drake-distro/bullet/pod-build/CMakeFiles/CMakeTmp/CMakeFiles 1
Building C object CMakeFiles/cmTryCompileExec324510513.dir/CheckFunctionExists.c.o
/usr/bin/cc   -DCHECK_FUNCTION_EXISTS=gethostbyname   -o CMakeFiles/cmTryCompileExec324510513.dir/CheckFunctionExists.c.o   -c /usr/share/cmake-2.8/Modules/CheckFunctionExists.c
Linking C executable cmTryCompileExec324510513
/usr/bin/cmake -E cmake_link_script CMakeFiles/cmTryCompileExec324510513.dir/link.txt --verbose=1
/usr/bin/cc   -DCHECK_FUNCTION_EXISTS=gethostbyname    CMakeFiles/cmTryCompileExec324510513.dir/CheckFunctionExists.c.o  -o cmTryCompileExec324510513 -rdynamic 
gmake[4]: Leaving directory `/home/beomjoon/Documents/Github/drake-distro/bullet/pod-build/CMakeFiles/CMakeTmp'
gmake[3]: Leaving directory `/home/beomjoon/Documents/Github/drake-distro/bullet/pod-build/CMakeFiles/CMakeTmp'


Determining if the function connect exists passed with the following output:
Change Dir: /home/beomjoon/Documents/Github/drake-distro/bullet/pod-build/CMakeFiles/CMakeTmp

Run Build Command:/usr/bin/gmake "cmTryCompileExec2000096740/fast"
gmake[3]: Entering directory `/home/beomjoon/Documents/Github/drake-distro/bullet/pod-build/CMakeFiles/CMakeTmp'
/usr/bin/gmake -f CMakeFiles/cmTryCompileExec2000096740.dir/build.make CMakeFiles/cmTryCompileExec2000096740.dir/build
gmake[4]: Entering directory `/home/beomjoon/Documents/Github/drake-distro/bullet/pod-build/CMakeFiles/CMakeTmp'
/usr/bin/cmake -E cmake_progress_report /home/beomjoon/Documents/Github/drake-distro/bullet/pod-build/CMakeFiles/CMakeTmp/CMakeFiles 1
Building C object CMakeFiles/cmTryCompileExec2000096740.dir/CheckFunctionExists.c.o
/usr/bin/cc   -DCHECK_FUNCTION_EXISTS=connect   -o CMakeFiles/cmTryCompileExec2000096740.dir/CheckFunctionExists.c.o   -c /usr/share/cmake-2.8/Modules/CheckFunctionExists.c
Linking C executable cmTryCompileExec2000096740
/usr/bin/cmake -E cmake_link_script CMakeFiles/cmTryCompileExec2000096740.dir/link.txt --verbose=1
/usr/bin/cc   -DCHECK_FUNCTION_EXISTS=connect    CMakeFiles/cmTryCompileExec2000096740.dir/CheckFunctionExists.c.o  -o cmTryCompileExec2000096740 -rdynamic 
gmake[4]: Leaving directory `/home/beomjoon/Documents/Github/drake-distro/bullet/pod-build/CMakeFiles/CMakeTmp'
gmake[3]: Leaving directory `/home/beomjoon/Documents/Github/drake-distro/bullet/pod-build/CMakeFiles/CMakeTmp'


Determining if the function remove exists passed with the following output:
Change Dir: /home/beomjoon/Documents/Github/drake-distro/bullet/pod-build/CMakeFiles/CMakeTmp

Run Build Command:/usr/bin/gmake "cmTryCompileExec583270240/fast"
gmake[3]: Entering directory `/home/beomjoon/Documents/Github/drake-distro/bullet/pod-build/CMakeFiles/CMakeTmp'
/usr/bin/gmake -f CMakeFiles/cmTryCompileExec583270240.dir/build.make CMakeFiles/cmTryCompileExec583270240.dir/build
gmake[4]: Entering directory `/home/beomjoon/Documents/Github/drake-distro/bullet/pod-build/CMakeFiles/CMakeTmp'
/usr/bin/cmake -E cmake_progress_report /home/beomjoon/Documents/Github/drake-distro/bullet/pod-build/CMakeFiles/CMakeTmp/CMakeFiles 1
Building C object CMakeFiles/cmTryCompileExec583270240.dir/CheckFunctionExists.c.o
/usr/bin/cc   -DCHECK_FUNCTION_EXISTS=remove   -o CMakeFiles/cmTryCompileExec583270240.dir/CheckFunctionExists.c.o   -c /usr/share/cmake-2.8/Modules/CheckFunctionExists.c
Linking C executable cmTryCompileExec583270240
/usr/bin/cmake -E cmake_link_script CMakeFiles/cmTryCompileExec583270240.dir/link.txt --verbose=1
/usr/bin/cc   -DCHECK_FUNCTION_EXISTS=remove    CMakeFiles/cmTryCompileExec583270240.dir/CheckFunctionExists.c.o  -o cmTryCompileExec583270240 -rdynamic 
gmake[4]: Leaving directory `/home/beomjoon/Documents/Github/drake-distro/bullet/pod-build/CMakeFiles/CMakeTmp'
gmake[3]: Leaving directory `/home/beomjoon/Documents/Github/drake-distro/bullet/pod-build/CMakeFiles/CMakeTmp'


Determining if the function shmat exists passed with the following output:
Change Dir: /home/beomjoon/Documents/Github/drake-distro/bullet/pod-build/CMakeFiles/CMakeTmp

Run Build Command:/usr/bin/gmake "cmTryCompileExec1963775571/fast"
gmake[3]: Entering directory `/home/beomjoon/Documents/Github/drake-distro/bullet/pod-build/CMakeFiles/CMakeTmp'
/usr/bin/gmake -f CMakeFiles/cmTryCompileExec1963775571.dir/build.make CMakeFiles/cmTryCompileExec1963775571.dir/build
gmake[4]: Entering directory `/home/beomjoon/Documents/Github/drake-distro/bullet/pod-build/CMakeFiles/CMakeTmp'
/usr/bin/cmake -E cmake_progress_report /home/beomjoon/Documents/Github/drake-distro/bullet/pod-build/CMakeFiles/CMakeTmp/CMakeFiles 1
Building C object CMakeFiles/cmTryCompileExec1963775571.dir/CheckFunctionExists.c.o
/usr/bin/cc   -DCHECK_FUNCTION_EXISTS=shmat   -o CMakeFiles/cmTryCompileExec1963775571.dir/CheckFunctionExists.c.o   -c /usr/share/cmake-2.8/Modules/CheckFunctionExists.c
Linking C executable cmTryCompileExec1963775571
/usr/bin/cmake -E cmake_link_script CMakeFiles/cmTryCompileExec1963775571.dir/link.txt --verbose=1
/usr/bin/cc   -DCHECK_FUNCTION_EXISTS=shmat    CMakeFiles/cmTryCompileExec1963775571.dir/CheckFunctionExists.c.o  -o cmTryCompileExec1963775571 -rdynamic 
gmake[4]: Leaving directory `/home/beomjoon/Documents/Github/drake-distro/bullet/pod-build/CMakeFiles/CMakeTmp'
gmake[3]: Leaving directory `/home/beomjoon/Documents/Github/drake-distro/bullet/pod-build/CMakeFiles/CMakeTmp'


Determining if the function IceConnectionNumber exists in the ICE passed with the following output:
Change Dir: /home/beomjoon/Documents/Github/drake-distro/bullet/pod-build/CMakeFiles/CMakeTmp

Run Build Command:/usr/bin/gmake "cmTryCompileExec124573159/fast"
gmake[3]: Entering directory `/home/beomjoon/Documents/Github/drake-distro/bullet/pod-build/CMakeFiles/CMakeTmp'
/usr/bin/gmake -f CMakeFiles/cmTryCompileExec124573159.dir/build.make CMakeFiles/cmTryCompileExec124573159.dir/build
gmake[4]: Entering directory `/home/beomjoon/Documents/Github/drake-distro/bullet/pod-build/CMakeFiles/CMakeTmp'
/usr/bin/cmake -E cmake_progress_report /home/beomjoon/Documents/Github/drake-distro/bullet/pod-build/CMakeFiles/CMakeTmp/CMakeFiles 1
Building C object CMakeFiles/cmTryCompileExec124573159.dir/CheckFunctionExists.c.o
/usr/bin/cc   -DCHECK_FUNCTION_EXISTS=IceConnectionNumber   -o CMakeFiles/cmTryCompileExec124573159.dir/CheckFunctionExists.c.o   -c /usr/share/cmake-2.8/Modules/CheckFunctionExists.c
Linking C executable cmTryCompileExec124573159
/usr/bin/cmake -E cmake_link_script CMakeFiles/cmTryCompileExec124573159.dir/link.txt --verbose=1
/usr/bin/cc   -DCHECK_FUNCTION_EXISTS=IceConnectionNumber    CMakeFiles/cmTryCompileExec124573159.dir/CheckFunctionExists.c.o  -o cmTryCompileExec124573159 -rdynamic -lICE 
gmake[4]: Leaving directory `/home/beomjoon/Documents/Github/drake-distro/bullet/pod-build/CMakeFiles/CMakeTmp'
gmake[3]: Leaving directory `/home/beomjoon/Documents/Github/drake-distro/bullet/pod-build/CMakeFiles/CMakeTmp'


