The system is: Linux - 3.13.0-39-generic - x86_64
Compiling the C compiler identification source file "CMakeCCompilerId.c" succeeded.
Compiler: /usr/bin/cc 
Build flags: 
Id flags: 

The output was:
0


Compilation of the C compiler identification source "CMakeCCompilerId.c" produced "a.out"

The C compiler identification is GNU, found in "/home/beomjoon/Documents/Github/drake-distro/eigen/pod-build/CMakeFiles/2.8.12.2/CompilerIdC/a.out"

Compiling the CXX compiler identification source file "CMakeCXXCompilerId.cpp" succeeded.
Compiler: /usr/bin/c++ 
Build flags: 
Id flags: 

The output was:
0


Compilation of the CXX compiler identification source "CMakeCXXCompilerId.cpp" produced "a.out"

The CXX compiler identification is GNU, found in "/home/beomjoon/Documents/Github/drake-distro/eigen/pod-build/CMakeFiles/2.8.12.2/CompilerIdCXX/a.out"

Determining if the C compiler works passed with the following output:
Change Dir: /home/beomjoon/Documents/Github/drake-distro/eigen/pod-build/CMakeFiles/CMakeTmp

Run Build Command:/usr/bin/gmake "cmTryCompileExec216985182/fast"
gmake[3]: Entering directory `/home/beomjoon/Documents/Github/drake-distro/eigen/pod-build/CMakeFiles/CMakeTmp'
/usr/bin/gmake -f CMakeFiles/cmTryCompileExec216985182.dir/build.make CMakeFiles/cmTryCompileExec216985182.dir/build
gmake[4]: Entering directory `/home/beomjoon/Documents/Github/drake-distro/eigen/pod-build/CMakeFiles/CMakeTmp'
/usr/bin/cmake -E cmake_progress_report /home/beomjoon/Documents/Github/drake-distro/eigen/pod-build/CMakeFiles/CMakeTmp/CMakeFiles 1
Building C object CMakeFiles/cmTryCompileExec216985182.dir/testCCompiler.c.o
/usr/bin/cc    -o CMakeFiles/cmTryCompileExec216985182.dir/testCCompiler.c.o   -c /home/beomjoon/Documents/Github/drake-distro/eigen/pod-build/CMakeFiles/CMakeTmp/testCCompiler.c
Linking C executable cmTryCompileExec216985182
/usr/bin/cmake -E cmake_link_script CMakeFiles/cmTryCompileExec216985182.dir/link.txt --verbose=1
/usr/bin/cc       CMakeFiles/cmTryCompileExec216985182.dir/testCCompiler.c.o  -o cmTryCompileExec216985182 -rdynamic 
gmake[4]: Leaving directory `/home/beomjoon/Documents/Github/drake-distro/eigen/pod-build/CMakeFiles/CMakeTmp'
gmake[3]: Leaving directory `/home/beomjoon/Documents/Github/drake-distro/eigen/pod-build/CMakeFiles/CMakeTmp'


Detecting C compiler ABI info compiled with the following output:
Change Dir: /home/beomjoon/Documents/Github/drake-distro/eigen/pod-build/CMakeFiles/CMakeTmp

Run Build Command:/usr/bin/gmake "cmTryCompileExec63021804/fast"
gmake[3]: Entering directory `/home/beomjoon/Documents/Github/drake-distro/eigen/pod-build/CMakeFiles/CMakeTmp'
/usr/bin/gmake -f CMakeFiles/cmTryCompileExec63021804.dir/build.make CMakeFiles/cmTryCompileExec63021804.dir/build
gmake[4]: Entering directory `/home/beomjoon/Documents/Github/drake-distro/eigen/pod-build/CMakeFiles/CMakeTmp'
/usr/bin/cmake -E cmake_progress_report /home/beomjoon/Documents/Github/drake-distro/eigen/pod-build/CMakeFiles/CMakeTmp/CMakeFiles 1
Building C object CMakeFiles/cmTryCompileExec63021804.dir/CMakeCCompilerABI.c.o
/usr/bin/cc    -o CMakeFiles/cmTryCompileExec63021804.dir/CMakeCCompilerABI.c.o   -c /usr/share/cmake-2.8/Modules/CMakeCCompilerABI.c
Linking C executable cmTryCompileExec63021804
/usr/bin/cmake -E cmake_link_script CMakeFiles/cmTryCompileExec63021804.dir/link.txt --verbose=1
/usr/bin/cc     -v CMakeFiles/cmTryCompileExec63021804.dir/CMakeCCompilerABI.c.o  -o cmTryCompileExec63021804 -rdynamic  
Using built-in specs.
COLLECT_GCC=/usr/bin/cc
COLLECT_LTO_WRAPPER=/usr/lib/gcc/x86_64-linux-gnu/4.8/lto-wrapper
Target: x86_64-linux-gnu
Configured with: ../src/configure -v --with-pkgversion='Ubuntu 4.8.2-19ubuntu1' --with-bugurl=file:///usr/share/doc/gcc-4.8/README.Bugs --enable-languages=c,c++,java,go,d,fortran,objc,obj-c++ --prefix=/usr --program-suffix=-4.8 --enable-shared --enable-linker-build-id --libexecdir=/usr/lib --without-included-gettext --enable-threads=posix --with-gxx-include-dir=/usr/include/c++/4.8 --libdir=/usr/lib --enable-nls --with-sysroot=/ --enable-clocale=gnu --enable-libstdcxx-debug --enable-libstdcxx-time=yes --enable-gnu-unique-object --disable-libmudflap --enable-plugin --with-system-zlib --disable-browser-plugin --enable-java-awt=gtk --enable-gtk-cairo --with-java-home=/usr/lib/jvm/java-1.5.0-gcj-4.8-amd64/jre --enable-java-home --with-jvm-root-dir=/usr/lib/jvm/java-1.5.0-gcj-4.8-amd64 --with-jvm-jar-dir=/usr/lib/jvm-exports/java-1.5.0-gcj-4.8-amd64 --with-arch-directory=amd64 --with-ecj-jar=/usr/share/java/eclipse-ecj.jar --enable-objc-gc --enable-multiarch --disable-werror --with-arch-32=i686 --with-abi=m64 --with-multilib-list=m32,m64,mx32 --with-tune=generic --enable-checking=release --build=x86_64-linux-gnu --host=x86_64-linux-gnu --target=x86_64-linux-gnu
Thread model: posix
gcc version 4.8.2 (Ubuntu 4.8.2-19ubuntu1) 
COMPILER_PATH=/usr/lib/gcc/x86_64-linux-gnu/4.8/:/usr/lib/gcc/x86_64-linux-gnu/4.8/:/usr/lib/gcc/x86_64-linux-gnu/:/usr/lib/gcc/x86_64-linux-gnu/4.8/:/usr/lib/gcc/x86_64-linux-gnu/
LIBRARY_PATH=/usr/lib/gcc/x86_64-linux-gnu/4.8/:/usr/lib/gcc/x86_64-linux-gnu/4.8/../../../x86_64-linux-gnu/:/usr/lib/gcc/x86_64-linux-gnu/4.8/../../../../lib/:/lib/x86_64-linux-gnu/:/lib/../lib/:/usr/lib/x86_64-linux-gnu/:/usr/lib/../lib/:/usr/lib/gcc/x86_64-linux-gnu/4.8/../../../:/lib/:/usr/lib/
COLLECT_GCC_OPTIONS='-v' '-o' 'cmTryCompileExec63021804' '-rdynamic' '-mtune=generic' '-march=x86-64'
 /usr/lib/gcc/x86_64-linux-gnu/4.8/collect2 --sysroot=/ --build-id --eh-frame-hdr -m elf_x86_64 --hash-style=gnu --as-needed -export-dynamic -dynamic-linker /lib64/ld-linux-x86-64.so.2 -z relro -o cmTryCompileExec63021804 /usr/lib/gcc/x86_64-linux-gnu/4.8/../../../x86_64-linux-gnu/crt1.o /usr/lib/gcc/x86_64-linux-gnu/4.8/../../../x86_64-linux-gnu/crti.o /usr/lib/gcc/x86_64-linux-gnu/4.8/crtbegin.o -L/usr/lib/gcc/x86_64-linux-gnu/4.8 -L/usr/lib/gcc/x86_64-linux-gnu/4.8/../../../x86_64-linux-gnu -L/usr/lib/gcc/x86_64-linux-gnu/4.8/../../../../lib -L/lib/x86_64-linux-gnu -L/lib/../lib -L/usr/lib/x86_64-linux-gnu -L/usr/lib/../lib -L/usr/lib/gcc/x86_64-linux-gnu/4.8/../../.. CMakeFiles/cmTryCompileExec63021804.dir/CMakeCCompilerABI.c.o -lgcc --as-needed -lgcc_s --no-as-needed -lc -lgcc --as-needed -lgcc_s --no-as-needed /usr/lib/gcc/x86_64-linux-gnu/4.8/crtend.o /usr/lib/gcc/x86_64-linux-gnu/4.8/../../../x86_64-linux-gnu/crtn.o
gmake[4]: Leaving directory `/home/beomjoon/Documents/Github/drake-distro/eigen/pod-build/CMakeFiles/CMakeTmp'
gmake[3]: Leaving directory `/home/beomjoon/Documents/Github/drake-distro/eigen/pod-build/CMakeFiles/CMakeTmp'


Parsed C implicit link information from above output:
  link line regex: [^( *|.*[/\])(ld|([^/\]+-)?ld|collect2)[^/\]*( |$)]
  ignore line: [Change Dir: /home/beomjoon/Documents/Github/drake-distro/eigen/pod-build/CMakeFiles/CMakeTmp]
  ignore line: []
  ignore line: [Run Build Command:/usr/bin/gmake "cmTryCompileExec63021804/fast"]
  ignore line: [gmake[3]: Entering directory `/home/beomjoon/Documents/Github/drake-distro/eigen/pod-build/CMakeFiles/CMakeTmp']
  ignore line: [/usr/bin/gmake -f CMakeFiles/cmTryCompileExec63021804.dir/build.make CMakeFiles/cmTryCompileExec63021804.dir/build]
  ignore line: [gmake[4]: Entering directory `/home/beomjoon/Documents/Github/drake-distro/eigen/pod-build/CMakeFiles/CMakeTmp']
  ignore line: [/usr/bin/cmake -E cmake_progress_report /home/beomjoon/Documents/Github/drake-distro/eigen/pod-build/CMakeFiles/CMakeTmp/CMakeFiles 1]
  ignore line: [Building C object CMakeFiles/cmTryCompileExec63021804.dir/CMakeCCompilerABI.c.o]
  ignore line: [/usr/bin/cc    -o CMakeFiles/cmTryCompileExec63021804.dir/CMakeCCompilerABI.c.o   -c /usr/share/cmake-2.8/Modules/CMakeCCompilerABI.c]
  ignore line: [Linking C executable cmTryCompileExec63021804]
  ignore line: [/usr/bin/cmake -E cmake_link_script CMakeFiles/cmTryCompileExec63021804.dir/link.txt --verbose=1]
  ignore line: [/usr/bin/cc     -v CMakeFiles/cmTryCompileExec63021804.dir/CMakeCCompilerABI.c.o  -o cmTryCompileExec63021804 -rdynamic  ]
  ignore line: [Using built-in specs.]
  ignore line: [COLLECT_GCC=/usr/bin/cc]
  ignore line: [COLLECT_LTO_WRAPPER=/usr/lib/gcc/x86_64-linux-gnu/4.8/lto-wrapper]
  ignore line: [Target: x86_64-linux-gnu]
  ignore line: [Configured with: ../src/configure -v --with-pkgversion='Ubuntu 4.8.2-19ubuntu1' --with-bugurl=file:///usr/share/doc/gcc-4.8/README.Bugs --enable-languages=c,c++,java,go,d,fortran,objc,obj-c++ --prefix=/usr --program-suffix=-4.8 --enable-shared --enable-linker-build-id --libexecdir=/usr/lib --without-included-gettext --enable-threads=posix --with-gxx-include-dir=/usr/include/c++/4.8 --libdir=/usr/lib --enable-nls --with-sysroot=/ --enable-clocale=gnu --enable-libstdcxx-debug --enable-libstdcxx-time=yes --enable-gnu-unique-object --disable-libmudflap --enable-plugin --with-system-zlib --disable-browser-plugin --enable-java-awt=gtk --enable-gtk-cairo --with-java-home=/usr/lib/jvm/java-1.5.0-gcj-4.8-amd64/jre --enable-java-home --with-jvm-root-dir=/usr/lib/jvm/java-1.5.0-gcj-4.8-amd64 --with-jvm-jar-dir=/usr/lib/jvm-exports/java-1.5.0-gcj-4.8-amd64 --with-arch-directory=amd64 --with-ecj-jar=/usr/share/java/eclipse-ecj.jar --enable-objc-gc --enable-multiarch --disable-werror --with-arch-32=i686 --with-abi=m64 --with-multilib-list=m32,m64,mx32 --with-tune=generic --enable-checking=release --build=x86_64-linux-gnu --host=x86_64-linux-gnu --target=x86_64-linux-gnu]
  ignore line: [Thread model: posix]
  ignore line: [gcc version 4.8.2 (Ubuntu 4.8.2-19ubuntu1) ]
  ignore line: [COMPILER_PATH=/usr/lib/gcc/x86_64-linux-gnu/4.8/:/usr/lib/gcc/x86_64-linux-gnu/4.8/:/usr/lib/gcc/x86_64-linux-gnu/:/usr/lib/gcc/x86_64-linux-gnu/4.8/:/usr/lib/gcc/x86_64-linux-gnu/]
  ignore line: [LIBRARY_PATH=/usr/lib/gcc/x86_64-linux-gnu/4.8/:/usr/lib/gcc/x86_64-linux-gnu/4.8/../../../x86_64-linux-gnu/:/usr/lib/gcc/x86_64-linux-gnu/4.8/../../../../lib/:/lib/x86_64-linux-gnu/:/lib/../lib/:/usr/lib/x86_64-linux-gnu/:/usr/lib/../lib/:/usr/lib/gcc/x86_64-linux-gnu/4.8/../../../:/lib/:/usr/lib/]
  ignore line: [COLLECT_GCC_OPTIONS='-v' '-o' 'cmTryCompileExec63021804' '-rdynamic' '-mtune=generic' '-march=x86-64']
  link line: [ /usr/lib/gcc/x86_64-linux-gnu/4.8/collect2 --sysroot=/ --build-id --eh-frame-hdr -m elf_x86_64 --hash-style=gnu --as-needed -export-dynamic -dynamic-linker /lib64/ld-linux-x86-64.so.2 -z relro -o cmTryCompileExec63021804 /usr/lib/gcc/x86_64-linux-gnu/4.8/../../../x86_64-linux-gnu/crt1.o /usr/lib/gcc/x86_64-linux-gnu/4.8/../../../x86_64-linux-gnu/crti.o /usr/lib/gcc/x86_64-linux-gnu/4.8/crtbegin.o -L/usr/lib/gcc/x86_64-linux-gnu/4.8 -L/usr/lib/gcc/x86_64-linux-gnu/4.8/../../../x86_64-linux-gnu -L/usr/lib/gcc/x86_64-linux-gnu/4.8/../../../../lib -L/lib/x86_64-linux-gnu -L/lib/../lib -L/usr/lib/x86_64-linux-gnu -L/usr/lib/../lib -L/usr/lib/gcc/x86_64-linux-gnu/4.8/../../.. CMakeFiles/cmTryCompileExec63021804.dir/CMakeCCompilerABI.c.o -lgcc --as-needed -lgcc_s --no-as-needed -lc -lgcc --as-needed -lgcc_s --no-as-needed /usr/lib/gcc/x86_64-linux-gnu/4.8/crtend.o /usr/lib/gcc/x86_64-linux-gnu/4.8/../../../x86_64-linux-gnu/crtn.o]
    arg [/usr/lib/gcc/x86_64-linux-gnu/4.8/collect2] ==> ignore
    arg [--sysroot=/] ==> ignore
    arg [--build-id] ==> ignore
    arg [--eh-frame-hdr] ==> ignore
    arg [-m] ==> ignore
    arg [elf_x86_64] ==> ignore
    arg [--hash-style=gnu] ==> ignore
    arg [--as-needed] ==> ignore
    arg [-export-dynamic] ==> ignore
    arg [-dynamic-linker] ==> ignore
    arg [/lib64/ld-linux-x86-64.so.2] ==> ignore
    arg [-zrelro] ==> ignore
    arg [-o] ==> ignore
    arg [cmTryCompileExec63021804] ==> ignore
    arg [/usr/lib/gcc/x86_64-linux-gnu/4.8/../../../x86_64-linux-gnu/crt1.o] ==> ignore
    arg [/usr/lib/gcc/x86_64-linux-gnu/4.8/../../../x86_64-linux-gnu/crti.o] ==> ignore
    arg [/usr/lib/gcc/x86_64-linux-gnu/4.8/crtbegin.o] ==> ignore
    arg [-L/usr/lib/gcc/x86_64-linux-gnu/4.8] ==> dir [/usr/lib/gcc/x86_64-linux-gnu/4.8]
    arg [-L/usr/lib/gcc/x86_64-linux-gnu/4.8/../../../x86_64-linux-gnu] ==> dir [/usr/lib/gcc/x86_64-linux-gnu/4.8/../../../x86_64-linux-gnu]
    arg [-L/usr/lib/gcc/x86_64-linux-gnu/4.8/../../../../lib] ==> dir [/usr/lib/gcc/x86_64-linux-gnu/4.8/../../../../lib]
    arg [-L/lib/x86_64-linux-gnu] ==> dir [/lib/x86_64-linux-gnu]
    arg [-L/lib/../lib] ==> dir [/lib/../lib]
    arg [-L/usr/lib/x86_64-linux-gnu] ==> dir [/usr/lib/x86_64-linux-gnu]
    arg [-L/usr/lib/../lib] ==> dir [/usr/lib/../lib]
    arg [-L/usr/lib/gcc/x86_64-linux-gnu/4.8/../../..] ==> dir [/usr/lib/gcc/x86_64-linux-gnu/4.8/../../..]
    arg [CMakeFiles/cmTryCompileExec63021804.dir/CMakeCCompilerABI.c.o] ==> ignore
    arg [-lgcc] ==> lib [gcc]
    arg [--as-needed] ==> ignore
    arg [-lgcc_s] ==> lib [gcc_s]
    arg [--no-as-needed] ==> ignore
    arg [-lc] ==> lib [c]
    arg [-lgcc] ==> lib [gcc]
    arg [--as-needed] ==> ignore
    arg [-lgcc_s] ==> lib [gcc_s]
    arg [--no-as-needed] ==> ignore
    arg [/usr/lib/gcc/x86_64-linux-gnu/4.8/crtend.o] ==> ignore
    arg [/usr/lib/gcc/x86_64-linux-gnu/4.8/../../../x86_64-linux-gnu/crtn.o] ==> ignore
  remove lib [gcc]
  remove lib [gcc_s]
  remove lib [gcc]
  remove lib [gcc_s]
  collapse library dir [/usr/lib/gcc/x86_64-linux-gnu/4.8] ==> [/usr/lib/gcc/x86_64-linux-gnu/4.8]
  collapse library dir [/usr/lib/gcc/x86_64-linux-gnu/4.8/../../../x86_64-linux-gnu] ==> [/usr/lib/x86_64-linux-gnu]
  collapse library dir [/usr/lib/gcc/x86_64-linux-gnu/4.8/../../../../lib] ==> [/usr/lib]
  collapse library dir [/lib/x86_64-linux-gnu] ==> [/lib/x86_64-linux-gnu]
  collapse library dir [/lib/../lib] ==> [/lib]
  collapse library dir [/usr/lib/x86_64-linux-gnu] ==> [/usr/lib/x86_64-linux-gnu]
  collapse library dir [/usr/lib/../lib] ==> [/usr/lib]
  collapse library dir [/usr/lib/gcc/x86_64-linux-gnu/4.8/../../..] ==> [/usr/lib]
  implicit libs: [c]
  implicit dirs: [/usr/lib/gcc/x86_64-linux-gnu/4.8;/usr/lib/x86_64-linux-gnu;/usr/lib;/lib/x86_64-linux-gnu;/lib]
  implicit fwks: []


Determining if the CXX compiler works passed with the following output:
Change Dir: /home/beomjoon/Documents/Github/drake-distro/eigen/pod-build/CMakeFiles/CMakeTmp

Run Build Command:/usr/bin/gmake "cmTryCompileExec484887082/fast"
gmake[3]: Entering directory `/home/beomjoon/Documents/Github/drake-distro/eigen/pod-build/CMakeFiles/CMakeTmp'
/usr/bin/gmake -f CMakeFiles/cmTryCompileExec484887082.dir/build.make CMakeFiles/cmTryCompileExec484887082.dir/build
gmake[4]: Entering directory `/home/beomjoon/Documents/Github/drake-distro/eigen/pod-build/CMakeFiles/CMakeTmp'
/usr/bin/cmake -E cmake_progress_report /home/beomjoon/Documents/Github/drake-distro/eigen/pod-build/CMakeFiles/CMakeTmp/CMakeFiles 1
Building CXX object CMakeFiles/cmTryCompileExec484887082.dir/testCXXCompiler.cxx.o
/usr/bin/c++     -o CMakeFiles/cmTryCompileExec484887082.dir/testCXXCompiler.cxx.o -c /home/beomjoon/Documents/Github/drake-distro/eigen/pod-build/CMakeFiles/CMakeTmp/testCXXCompiler.cxx
Linking CXX executable cmTryCompileExec484887082
/usr/bin/cmake -E cmake_link_script CMakeFiles/cmTryCompileExec484887082.dir/link.txt --verbose=1
/usr/bin/c++        CMakeFiles/cmTryCompileExec484887082.dir/testCXXCompiler.cxx.o  -o cmTryCompileExec484887082 -rdynamic 
gmake[4]: Leaving directory `/home/beomjoon/Documents/Github/drake-distro/eigen/pod-build/CMakeFiles/CMakeTmp'
gmake[3]: Leaving directory `/home/beomjoon/Documents/Github/drake-distro/eigen/pod-build/CMakeFiles/CMakeTmp'


Detecting CXX compiler ABI info compiled with the following output:
Change Dir: /home/beomjoon/Documents/Github/drake-distro/eigen/pod-build/CMakeFiles/CMakeTmp

Run Build Command:/usr/bin/gmake "cmTryCompileExec2037862546/fast"
gmake[3]: Entering directory `/home/beomjoon/Documents/Github/drake-distro/eigen/pod-build/CMakeFiles/CMakeTmp'
/usr/bin/gmake -f CMakeFiles/cmTryCompileExec2037862546.dir/build.make CMakeFiles/cmTryCompileExec2037862546.dir/build
gmake[4]: Entering directory `/home/beomjoon/Documents/Github/drake-distro/eigen/pod-build/CMakeFiles/CMakeTmp'
/usr/bin/cmake -E cmake_progress_report /home/beomjoon/Documents/Github/drake-distro/eigen/pod-build/CMakeFiles/CMakeTmp/CMakeFiles 1
Building CXX object CMakeFiles/cmTryCompileExec2037862546.dir/CMakeCXXCompilerABI.cpp.o
/usr/bin/c++     -o CMakeFiles/cmTryCompileExec2037862546.dir/CMakeCXXCompilerABI.cpp.o -c /usr/share/cmake-2.8/Modules/CMakeCXXCompilerABI.cpp
Linking CXX executable cmTryCompileExec2037862546
/usr/bin/cmake -E cmake_link_script CMakeFiles/cmTryCompileExec2037862546.dir/link.txt --verbose=1
/usr/bin/c++      -v CMakeFiles/cmTryCompileExec2037862546.dir/CMakeCXXCompilerABI.cpp.o  -o cmTryCompileExec2037862546 -rdynamic  
Using built-in specs.
COLLECT_GCC=/usr/bin/c++
COLLECT_LTO_WRAPPER=/usr/lib/gcc/x86_64-linux-gnu/4.8/lto-wrapper
Target: x86_64-linux-gnu
Configured with: ../src/configure -v --with-pkgversion='Ubuntu 4.8.2-19ubuntu1' --with-bugurl=file:///usr/share/doc/gcc-4.8/README.Bugs --enable-languages=c,c++,java,go,d,fortran,objc,obj-c++ --prefix=/usr --program-suffix=-4.8 --enable-shared --enable-linker-build-id --libexecdir=/usr/lib --without-included-gettext --enable-threads=posix --with-gxx-include-dir=/usr/include/c++/4.8 --libdir=/usr/lib --enable-nls --with-sysroot=/ --enable-clocale=gnu --enable-libstdcxx-debug --enable-libstdcxx-time=yes --enable-gnu-unique-object --disable-libmudflap --enable-plugin --with-system-zlib --disable-browser-plugin --enable-java-awt=gtk --enable-gtk-cairo --with-java-home=/usr/lib/jvm/java-1.5.0-gcj-4.8-amd64/jre --enable-java-home --with-jvm-root-dir=/usr/lib/jvm/java-1.5.0-gcj-4.8-amd64 --with-jvm-jar-dir=/usr/lib/jvm-exports/java-1.5.0-gcj-4.8-amd64 --with-arch-directory=amd64 --with-ecj-jar=/usr/share/java/eclipse-ecj.jar --enable-objc-gc --enable-multiarch --disable-werror --with-arch-32=i686 --with-abi=m64 --with-multilib-list=m32,m64,mx32 --with-tune=generic --enable-checking=release --build=x86_64-linux-gnu --host=x86_64-linux-gnu --target=x86_64-linux-gnu
Thread model: posix
gcc version 4.8.2 (Ubuntu 4.8.2-19ubuntu1) 
COMPILER_PATH=/usr/lib/gcc/x86_64-linux-gnu/4.8/:/usr/lib/gcc/x86_64-linux-gnu/4.8/:/usr/lib/gcc/x86_64-linux-gnu/:/usr/lib/gcc/x86_64-linux-gnu/4.8/:/usr/lib/gcc/x86_64-linux-gnu/
LIBRARY_PATH=/usr/lib/gcc/x86_64-linux-gnu/4.8/:/usr/lib/gcc/x86_64-linux-gnu/4.8/../../../x86_64-linux-gnu/:/usr/lib/gcc/x86_64-linux-gnu/4.8/../../../../lib/:/lib/x86_64-linux-gnu/:/lib/../lib/:/usr/lib/x86_64-linux-gnu/:/usr/lib/../lib/:/usr/lib/gcc/x86_64-linux-gnu/4.8/../../../:/lib/:/usr/lib/
COLLECT_GCC_OPTIONS='-v' '-o' 'cmTryCompileExec2037862546' '-rdynamic' '-shared-libgcc' '-mtune=generic' '-march=x86-64'
 /usr/lib/gcc/x86_64-linux-gnu/4.8/collect2 --sysroot=/ --build-id --eh-frame-hdr -m elf_x86_64 --hash-style=gnu --as-needed -export-dynamic -dynamic-linker /lib64/ld-linux-x86-64.so.2 -z relro -o cmTryCompileExec2037862546 /usr/lib/gcc/x86_64-linux-gnu/4.8/../../../x86_64-linux-gnu/crt1.o /usr/lib/gcc/x86_64-linux-gnu/4.8/../../../x86_64-linux-gnu/crti.o /usr/lib/gcc/x86_64-linux-gnu/4.8/crtbegin.o -L/usr/lib/gcc/x86_64-linux-gnu/4.8 -L/usr/lib/gcc/x86_64-linux-gnu/4.8/../../../x86_64-linux-gnu -L/usr/lib/gcc/x86_64-linux-gnu/4.8/../../../../lib -L/lib/x86_64-linux-gnu -L/lib/../lib -L/usr/lib/x86_64-linux-gnu -L/usr/lib/../lib -L/usr/lib/gcc/x86_64-linux-gnu/4.8/../../.. CMakeFiles/cmTryCompileExec2037862546.dir/CMakeCXXCompilerABI.cpp.o -lstdc++ -lm -lgcc_s -lgcc -lc -lgcc_s -lgcc /usr/lib/gcc/x86_64-linux-gnu/4.8/crtend.o /usr/lib/gcc/x86_64-linux-gnu/4.8/../../../x86_64-linux-gnu/crtn.o
gmake[4]: Leaving directory `/home/beomjoon/Documents/Github/drake-distro/eigen/pod-build/CMakeFiles/CMakeTmp'
gmake[3]: Leaving directory `/home/beomjoon/Documents/Github/drake-distro/eigen/pod-build/CMakeFiles/CMakeTmp'


Parsed CXX implicit link information from above output:
  link line regex: [^( *|.*[/\])(ld|([^/\]+-)?ld|collect2)[^/\]*( |$)]
  ignore line: [Change Dir: /home/beomjoon/Documents/Github/drake-distro/eigen/pod-build/CMakeFiles/CMakeTmp]
  ignore line: []
  ignore line: [Run Build Command:/usr/bin/gmake "cmTryCompileExec2037862546/fast"]
  ignore line: [gmake[3]: Entering directory `/home/beomjoon/Documents/Github/drake-distro/eigen/pod-build/CMakeFiles/CMakeTmp']
  ignore line: [/usr/bin/gmake -f CMakeFiles/cmTryCompileExec2037862546.dir/build.make CMakeFiles/cmTryCompileExec2037862546.dir/build]
  ignore line: [gmake[4]: Entering directory `/home/beomjoon/Documents/Github/drake-distro/eigen/pod-build/CMakeFiles/CMakeTmp']
  ignore line: [/usr/bin/cmake -E cmake_progress_report /home/beomjoon/Documents/Github/drake-distro/eigen/pod-build/CMakeFiles/CMakeTmp/CMakeFiles 1]
  ignore line: [Building CXX object CMakeFiles/cmTryCompileExec2037862546.dir/CMakeCXXCompilerABI.cpp.o]
  ignore line: [/usr/bin/c++     -o CMakeFiles/cmTryCompileExec2037862546.dir/CMakeCXXCompilerABI.cpp.o -c /usr/share/cmake-2.8/Modules/CMakeCXXCompilerABI.cpp]
  ignore line: [Linking CXX executable cmTryCompileExec2037862546]
  ignore line: [/usr/bin/cmake -E cmake_link_script CMakeFiles/cmTryCompileExec2037862546.dir/link.txt --verbose=1]
  ignore line: [/usr/bin/c++      -v CMakeFiles/cmTryCompileExec2037862546.dir/CMakeCXXCompilerABI.cpp.o  -o cmTryCompileExec2037862546 -rdynamic  ]
  ignore line: [Using built-in specs.]
  ignore line: [COLLECT_GCC=/usr/bin/c++]
  ignore line: [COLLECT_LTO_WRAPPER=/usr/lib/gcc/x86_64-linux-gnu/4.8/lto-wrapper]
  ignore line: [Target: x86_64-linux-gnu]
  ignore line: [Configured with: ../src/configure -v --with-pkgversion='Ubuntu 4.8.2-19ubuntu1' --with-bugurl=file:///usr/share/doc/gcc-4.8/README.Bugs --enable-languages=c,c++,java,go,d,fortran,objc,obj-c++ --prefix=/usr --program-suffix=-4.8 --enable-shared --enable-linker-build-id --libexecdir=/usr/lib --without-included-gettext --enable-threads=posix --with-gxx-include-dir=/usr/include/c++/4.8 --libdir=/usr/lib --enable-nls --with-sysroot=/ --enable-clocale=gnu --enable-libstdcxx-debug --enable-libstdcxx-time=yes --enable-gnu-unique-object --disable-libmudflap --enable-plugin --with-system-zlib --disable-browser-plugin --enable-java-awt=gtk --enable-gtk-cairo --with-java-home=/usr/lib/jvm/java-1.5.0-gcj-4.8-amd64/jre --enable-java-home --with-jvm-root-dir=/usr/lib/jvm/java-1.5.0-gcj-4.8-amd64 --with-jvm-jar-dir=/usr/lib/jvm-exports/java-1.5.0-gcj-4.8-amd64 --with-arch-directory=amd64 --with-ecj-jar=/usr/share/java/eclipse-ecj.jar --enable-objc-gc --enable-multiarch --disable-werror --with-arch-32=i686 --with-abi=m64 --with-multilib-list=m32,m64,mx32 --with-tune=generic --enable-checking=release --build=x86_64-linux-gnu --host=x86_64-linux-gnu --target=x86_64-linux-gnu]
  ignore line: [Thread model: posix]
  ignore line: [gcc version 4.8.2 (Ubuntu 4.8.2-19ubuntu1) ]
  ignore line: [COMPILER_PATH=/usr/lib/gcc/x86_64-linux-gnu/4.8/:/usr/lib/gcc/x86_64-linux-gnu/4.8/:/usr/lib/gcc/x86_64-linux-gnu/:/usr/lib/gcc/x86_64-linux-gnu/4.8/:/usr/lib/gcc/x86_64-linux-gnu/]
  ignore line: [LIBRARY_PATH=/usr/lib/gcc/x86_64-linux-gnu/4.8/:/usr/lib/gcc/x86_64-linux-gnu/4.8/../../../x86_64-linux-gnu/:/usr/lib/gcc/x86_64-linux-gnu/4.8/../../../../lib/:/lib/x86_64-linux-gnu/:/lib/../lib/:/usr/lib/x86_64-linux-gnu/:/usr/lib/../lib/:/usr/lib/gcc/x86_64-linux-gnu/4.8/../../../:/lib/:/usr/lib/]
  ignore line: [COLLECT_GCC_OPTIONS='-v' '-o' 'cmTryCompileExec2037862546' '-rdynamic' '-shared-libgcc' '-mtune=generic' '-march=x86-64']
  link line: [ /usr/lib/gcc/x86_64-linux-gnu/4.8/collect2 --sysroot=/ --build-id --eh-frame-hdr -m elf_x86_64 --hash-style=gnu --as-needed -export-dynamic -dynamic-linker /lib64/ld-linux-x86-64.so.2 -z relro -o cmTryCompileExec2037862546 /usr/lib/gcc/x86_64-linux-gnu/4.8/../../../x86_64-linux-gnu/crt1.o /usr/lib/gcc/x86_64-linux-gnu/4.8/../../../x86_64-linux-gnu/crti.o /usr/lib/gcc/x86_64-linux-gnu/4.8/crtbegin.o -L/usr/lib/gcc/x86_64-linux-gnu/4.8 -L/usr/lib/gcc/x86_64-linux-gnu/4.8/../../../x86_64-linux-gnu -L/usr/lib/gcc/x86_64-linux-gnu/4.8/../../../../lib -L/lib/x86_64-linux-gnu -L/lib/../lib -L/usr/lib/x86_64-linux-gnu -L/usr/lib/../lib -L/usr/lib/gcc/x86_64-linux-gnu/4.8/../../.. CMakeFiles/cmTryCompileExec2037862546.dir/CMakeCXXCompilerABI.cpp.o -lstdc++ -lm -lgcc_s -lgcc -lc -lgcc_s -lgcc /usr/lib/gcc/x86_64-linux-gnu/4.8/crtend.o /usr/lib/gcc/x86_64-linux-gnu/4.8/../../../x86_64-linux-gnu/crtn.o]
    arg [/usr/lib/gcc/x86_64-linux-gnu/4.8/collect2] ==> ignore
    arg [--sysroot=/] ==> ignore
    arg [--build-id] ==> ignore
    arg [--eh-frame-hdr] ==> ignore
    arg [-m] ==> ignore
    arg [elf_x86_64] ==> ignore
    arg [--hash-style=gnu] ==> ignore
    arg [--as-needed] ==> ignore
    arg [-export-dynamic] ==> ignore
    arg [-dynamic-linker] ==> ignore
    arg [/lib64/ld-linux-x86-64.so.2] ==> ignore
    arg [-zrelro] ==> ignore
    arg [-o] ==> ignore
    arg [cmTryCompileExec2037862546] ==> ignore
    arg [/usr/lib/gcc/x86_64-linux-gnu/4.8/../../../x86_64-linux-gnu/crt1.o] ==> ignore
    arg [/usr/lib/gcc/x86_64-linux-gnu/4.8/../../../x86_64-linux-gnu/crti.o] ==> ignore
    arg [/usr/lib/gcc/x86_64-linux-gnu/4.8/crtbegin.o] ==> ignore
    arg [-L/usr/lib/gcc/x86_64-linux-gnu/4.8] ==> dir [/usr/lib/gcc/x86_64-linux-gnu/4.8]
    arg [-L/usr/lib/gcc/x86_64-linux-gnu/4.8/../../../x86_64-linux-gnu] ==> dir [/usr/lib/gcc/x86_64-linux-gnu/4.8/../../../x86_64-linux-gnu]
    arg [-L/usr/lib/gcc/x86_64-linux-gnu/4.8/../../../../lib] ==> dir [/usr/lib/gcc/x86_64-linux-gnu/4.8/../../../../lib]
    arg [-L/lib/x86_64-linux-gnu] ==> dir [/lib/x86_64-linux-gnu]
    arg [-L/lib/../lib] ==> dir [/lib/../lib]
    arg [-L/usr/lib/x86_64-linux-gnu] ==> dir [/usr/lib/x86_64-linux-gnu]
    arg [-L/usr/lib/../lib] ==> dir [/usr/lib/../lib]
    arg [-L/usr/lib/gcc/x86_64-linux-gnu/4.8/../../..] ==> dir [/usr/lib/gcc/x86_64-linux-gnu/4.8/../../..]
    arg [CMakeFiles/cmTryCompileExec2037862546.dir/CMakeCXXCompilerABI.cpp.o] ==> ignore
    arg [-lstdc++] ==> lib [stdc++]
    arg [-lm] ==> lib [m]
    arg [-lgcc_s] ==> lib [gcc_s]
    arg [-lgcc] ==> lib [gcc]
    arg [-lc] ==> lib [c]
    arg [-lgcc_s] ==> lib [gcc_s]
    arg [-lgcc] ==> lib [gcc]
    arg [/usr/lib/gcc/x86_64-linux-gnu/4.8/crtend.o] ==> ignore
    arg [/usr/lib/gcc/x86_64-linux-gnu/4.8/../../../x86_64-linux-gnu/crtn.o] ==> ignore
  remove lib [gcc_s]
  remove lib [gcc]
  remove lib [gcc_s]
  remove lib [gcc]
  collapse library dir [/usr/lib/gcc/x86_64-linux-gnu/4.8] ==> [/usr/lib/gcc/x86_64-linux-gnu/4.8]
  collapse library dir [/usr/lib/gcc/x86_64-linux-gnu/4.8/../../../x86_64-linux-gnu] ==> [/usr/lib/x86_64-linux-gnu]
  collapse library dir [/usr/lib/gcc/x86_64-linux-gnu/4.8/../../../../lib] ==> [/usr/lib]
  collapse library dir [/lib/x86_64-linux-gnu] ==> [/lib/x86_64-linux-gnu]
  collapse library dir [/lib/../lib] ==> [/lib]
  collapse library dir [/usr/lib/x86_64-linux-gnu] ==> [/usr/lib/x86_64-linux-gnu]
  collapse library dir [/usr/lib/../lib] ==> [/usr/lib]
  collapse library dir [/usr/lib/gcc/x86_64-linux-gnu/4.8/../../..] ==> [/usr/lib]
  implicit libs: [stdc++;m;c]
  implicit dirs: [/usr/lib/gcc/x86_64-linux-gnu/4.8;/usr/lib/x86_64-linux-gnu;/usr/lib;/lib/x86_64-linux-gnu;/lib]
  implicit fwks: []


Performing C++ SOURCE FILE Test standard_math_library_linked_to_automatically succeded with the following output:
Change Dir: /home/beomjoon/Documents/Github/drake-distro/eigen/pod-build/CMakeFiles/CMakeTmp

Run Build Command:/usr/bin/gmake "cmTryCompileExec4111116122/fast"
gmake[3]: Entering directory `/home/beomjoon/Documents/Github/drake-distro/eigen/pod-build/CMakeFiles/CMakeTmp'
/usr/bin/gmake -f CMakeFiles/cmTryCompileExec4111116122.dir/build.make CMakeFiles/cmTryCompileExec4111116122.dir/build
gmake[4]: Entering directory `/home/beomjoon/Documents/Github/drake-distro/eigen/pod-build/CMakeFiles/CMakeTmp'
/usr/bin/cmake -E cmake_progress_report /home/beomjoon/Documents/Github/drake-distro/eigen/pod-build/CMakeFiles/CMakeTmp/CMakeFiles 1
Building CXX object CMakeFiles/cmTryCompileExec4111116122.dir/src.cxx.o
/usr/bin/c++    -Dstandard_math_library_linked_to_automatically   -o CMakeFiles/cmTryCompileExec4111116122.dir/src.cxx.o -c /home/beomjoon/Documents/Github/drake-distro/eigen/pod-build/CMakeFiles/CMakeTmp/src.cxx
Linking CXX executable cmTryCompileExec4111116122
/usr/bin/cmake -E cmake_link_script CMakeFiles/cmTryCompileExec4111116122.dir/link.txt --verbose=1
/usr/bin/c++    -Dstandard_math_library_linked_to_automatically    CMakeFiles/cmTryCompileExec4111116122.dir/src.cxx.o  -o cmTryCompileExec4111116122 -rdynamic 
gmake[4]: Leaving directory `/home/beomjoon/Documents/Github/drake-distro/eigen/pod-build/CMakeFiles/CMakeTmp'
gmake[3]: Leaving directory `/home/beomjoon/Documents/Github/drake-distro/eigen/pod-build/CMakeFiles/CMakeTmp'

Source file was:
#include<cmath>
int main() { std::sin(0.0); std::log(0.0f); }
Performing C++ SOURCE FILE Test COMPILER_SUPPORT_WERROR succeded with the following output:
Change Dir: /home/beomjoon/Documents/Github/drake-distro/eigen/pod-build/CMakeFiles/CMakeTmp

Run Build Command:/usr/bin/gmake "cmTryCompileExec3595549460/fast"
gmake[3]: Entering directory `/home/beomjoon/Documents/Github/drake-distro/eigen/pod-build/CMakeFiles/CMakeTmp'
/usr/bin/gmake -f CMakeFiles/cmTryCompileExec3595549460.dir/build.make CMakeFiles/cmTryCompileExec3595549460.dir/build
gmake[4]: Entering directory `/home/beomjoon/Documents/Github/drake-distro/eigen/pod-build/CMakeFiles/CMakeTmp'
/usr/bin/cmake -E cmake_progress_report /home/beomjoon/Documents/Github/drake-distro/eigen/pod-build/CMakeFiles/CMakeTmp/CMakeFiles 1
Building CXX object CMakeFiles/cmTryCompileExec3595549460.dir/src.cxx.o
/usr/bin/c++    -fexceptions -DCOMPILER_SUPPORT_WERROR   -Werror -o CMakeFiles/cmTryCompileExec3595549460.dir/src.cxx.o -c /home/beomjoon/Documents/Github/drake-distro/eigen/pod-build/CMakeFiles/CMakeTmp/src.cxx
Linking CXX executable cmTryCompileExec3595549460
/usr/bin/cmake -E cmake_link_script CMakeFiles/cmTryCompileExec3595549460.dir/link.txt --verbose=1
/usr/bin/c++    -fexceptions -DCOMPILER_SUPPORT_WERROR    CMakeFiles/cmTryCompileExec3595549460.dir/src.cxx.o  -o cmTryCompileExec3595549460 -rdynamic 
gmake[4]: Leaving directory `/home/beomjoon/Documents/Github/drake-distro/eigen/pod-build/CMakeFiles/CMakeTmp'
gmake[3]: Leaving directory `/home/beomjoon/Documents/Github/drake-distro/eigen/pod-build/CMakeFiles/CMakeTmp'

Source file was:
int main() { return 0;}
Performing C++ SOURCE FILE Test COMPILER_SUPPORT_pedantic succeded with the following output:
Change Dir: /home/beomjoon/Documents/Github/drake-distro/eigen/pod-build/CMakeFiles/CMakeTmp

Run Build Command:/usr/bin/gmake "cmTryCompileExec3105793013/fast"
gmake[3]: Entering directory `/home/beomjoon/Documents/Github/drake-distro/eigen/pod-build/CMakeFiles/CMakeTmp'
/usr/bin/gmake -f CMakeFiles/cmTryCompileExec3105793013.dir/build.make CMakeFiles/cmTryCompileExec3105793013.dir/build
gmake[4]: Entering directory `/home/beomjoon/Documents/Github/drake-distro/eigen/pod-build/CMakeFiles/CMakeTmp'
/usr/bin/cmake -E cmake_progress_report /home/beomjoon/Documents/Github/drake-distro/eigen/pod-build/CMakeFiles/CMakeTmp/CMakeFiles 1
Building CXX object CMakeFiles/cmTryCompileExec3105793013.dir/src.cxx.o
/usr/bin/c++    -fexceptions -DCOMPILER_SUPPORT_pedantic -Werror   -pedantic -o CMakeFiles/cmTryCompileExec3105793013.dir/src.cxx.o -c /home/beomjoon/Documents/Github/drake-distro/eigen/pod-build/CMakeFiles/CMakeTmp/src.cxx
Linking CXX executable cmTryCompileExec3105793013
/usr/bin/cmake -E cmake_link_script CMakeFiles/cmTryCompileExec3105793013.dir/link.txt --verbose=1
/usr/bin/c++    -fexceptions -DCOMPILER_SUPPORT_pedantic -Werror    CMakeFiles/cmTryCompileExec3105793013.dir/src.cxx.o  -o cmTryCompileExec3105793013 -rdynamic 
gmake[4]: Leaving directory `/home/beomjoon/Documents/Github/drake-distro/eigen/pod-build/CMakeFiles/CMakeTmp'
gmake[3]: Leaving directory `/home/beomjoon/Documents/Github/drake-distro/eigen/pod-build/CMakeFiles/CMakeTmp'

Source file was:
int main() { return 0;}
Performing C++ SOURCE FILE Test COMPILER_SUPPORT_Wall succeded with the following output:
Change Dir: /home/beomjoon/Documents/Github/drake-distro/eigen/pod-build/CMakeFiles/CMakeTmp

Run Build Command:/usr/bin/gmake "cmTryCompileExec655383108/fast"
gmake[3]: Entering directory `/home/beomjoon/Documents/Github/drake-distro/eigen/pod-build/CMakeFiles/CMakeTmp'
/usr/bin/gmake -f CMakeFiles/cmTryCompileExec655383108.dir/build.make CMakeFiles/cmTryCompileExec655383108.dir/build
gmake[4]: Entering directory `/home/beomjoon/Documents/Github/drake-distro/eigen/pod-build/CMakeFiles/CMakeTmp'
/usr/bin/cmake -E cmake_progress_report /home/beomjoon/Documents/Github/drake-distro/eigen/pod-build/CMakeFiles/CMakeTmp/CMakeFiles 1
Building CXX object CMakeFiles/cmTryCompileExec655383108.dir/src.cxx.o
/usr/bin/c++    -fexceptions -pedantic -DCOMPILER_SUPPORT_Wall -Werror   -Wall -o CMakeFiles/cmTryCompileExec655383108.dir/src.cxx.o -c /home/beomjoon/Documents/Github/drake-distro/eigen/pod-build/CMakeFiles/CMakeTmp/src.cxx
Linking CXX executable cmTryCompileExec655383108
/usr/bin/cmake -E cmake_link_script CMakeFiles/cmTryCompileExec655383108.dir/link.txt --verbose=1
/usr/bin/c++    -fexceptions -pedantic -DCOMPILER_SUPPORT_Wall -Werror    CMakeFiles/cmTryCompileExec655383108.dir/src.cxx.o  -o cmTryCompileExec655383108 -rdynamic 
gmake[4]: Leaving directory `/home/beomjoon/Documents/Github/drake-distro/eigen/pod-build/CMakeFiles/CMakeTmp'
gmake[3]: Leaving directory `/home/beomjoon/Documents/Github/drake-distro/eigen/pod-build/CMakeFiles/CMakeTmp'

Source file was:
int main() { return 0;}
Performing C++ SOURCE FILE Test COMPILER_SUPPORT_Wextra succeded with the following output:
Change Dir: /home/beomjoon/Documents/Github/drake-distro/eigen/pod-build/CMakeFiles/CMakeTmp

Run Build Command:/usr/bin/gmake "cmTryCompileExec2920915183/fast"
gmake[3]: Entering directory `/home/beomjoon/Documents/Github/drake-distro/eigen/pod-build/CMakeFiles/CMakeTmp'
/usr/bin/gmake -f CMakeFiles/cmTryCompileExec2920915183.dir/build.make CMakeFiles/cmTryCompileExec2920915183.dir/build
gmake[4]: Entering directory `/home/beomjoon/Documents/Github/drake-distro/eigen/pod-build/CMakeFiles/CMakeTmp'
/usr/bin/cmake -E cmake_progress_report /home/beomjoon/Documents/Github/drake-distro/eigen/pod-build/CMakeFiles/CMakeTmp/CMakeFiles 1
Building CXX object CMakeFiles/cmTryCompileExec2920915183.dir/src.cxx.o
/usr/bin/c++    -fexceptions -pedantic -Wall -DCOMPILER_SUPPORT_Wextra -Werror   -Wextra -o CMakeFiles/cmTryCompileExec2920915183.dir/src.cxx.o -c /home/beomjoon/Documents/Github/drake-distro/eigen/pod-build/CMakeFiles/CMakeTmp/src.cxx
Linking CXX executable cmTryCompileExec2920915183
/usr/bin/cmake -E cmake_link_script CMakeFiles/cmTryCompileExec2920915183.dir/link.txt --verbose=1
/usr/bin/c++    -fexceptions -pedantic -Wall -DCOMPILER_SUPPORT_Wextra -Werror    CMakeFiles/cmTryCompileExec2920915183.dir/src.cxx.o  -o cmTryCompileExec2920915183 -rdynamic 
gmake[4]: Leaving directory `/home/beomjoon/Documents/Github/drake-distro/eigen/pod-build/CMakeFiles/CMakeTmp'
gmake[3]: Leaving directory `/home/beomjoon/Documents/Github/drake-distro/eigen/pod-build/CMakeFiles/CMakeTmp'

Source file was:
int main() { return 0;}
Performing C++ SOURCE FILE Test COMPILER_SUPPORT_Wundef succeded with the following output:
Change Dir: /home/beomjoon/Documents/Github/drake-distro/eigen/pod-build/CMakeFiles/CMakeTmp

Run Build Command:/usr/bin/gmake "cmTryCompileExec23947170/fast"
gmake[3]: Entering directory `/home/beomjoon/Documents/Github/drake-distro/eigen/pod-build/CMakeFiles/CMakeTmp'
/usr/bin/gmake -f CMakeFiles/cmTryCompileExec23947170.dir/build.make CMakeFiles/cmTryCompileExec23947170.dir/build
gmake[4]: Entering directory `/home/beomjoon/Documents/Github/drake-distro/eigen/pod-build/CMakeFiles/CMakeTmp'
/usr/bin/cmake -E cmake_progress_report /home/beomjoon/Documents/Github/drake-distro/eigen/pod-build/CMakeFiles/CMakeTmp/CMakeFiles 1
Building CXX object CMakeFiles/cmTryCompileExec23947170.dir/src.cxx.o
/usr/bin/c++    -fexceptions -pedantic -Wall -Wextra -DCOMPILER_SUPPORT_Wundef -Werror   -Wundef -o CMakeFiles/cmTryCompileExec23947170.dir/src.cxx.o -c /home/beomjoon/Documents/Github/drake-distro/eigen/pod-build/CMakeFiles/CMakeTmp/src.cxx
Linking CXX executable cmTryCompileExec23947170
/usr/bin/cmake -E cmake_link_script CMakeFiles/cmTryCompileExec23947170.dir/link.txt --verbose=1
/usr/bin/c++    -fexceptions -pedantic -Wall -Wextra -DCOMPILER_SUPPORT_Wundef -Werror    CMakeFiles/cmTryCompileExec23947170.dir/src.cxx.o  -o cmTryCompileExec23947170 -rdynamic 
gmake[4]: Leaving directory `/home/beomjoon/Documents/Github/drake-distro/eigen/pod-build/CMakeFiles/CMakeTmp'
gmake[3]: Leaving directory `/home/beomjoon/Documents/Github/drake-distro/eigen/pod-build/CMakeFiles/CMakeTmp'

Source file was:
int main() { return 0;}
Performing C++ SOURCE FILE Test COMPILER_SUPPORT_Wcastalign succeded with the following output:
Change Dir: /home/beomjoon/Documents/Github/drake-distro/eigen/pod-build/CMakeFiles/CMakeTmp

Run Build Command:/usr/bin/gmake "cmTryCompileExec2586545109/fast"
gmake[3]: Entering directory `/home/beomjoon/Documents/Github/drake-distro/eigen/pod-build/CMakeFiles/CMakeTmp'
/usr/bin/gmake -f CMakeFiles/cmTryCompileExec2586545109.dir/build.make CMakeFiles/cmTryCompileExec2586545109.dir/build
gmake[4]: Entering directory `/home/beomjoon/Documents/Github/drake-distro/eigen/pod-build/CMakeFiles/CMakeTmp'
/usr/bin/cmake -E cmake_progress_report /home/beomjoon/Documents/Github/drake-distro/eigen/pod-build/CMakeFiles/CMakeTmp/CMakeFiles 1
Building CXX object CMakeFiles/cmTryCompileExec2586545109.dir/src.cxx.o
/usr/bin/c++    -fexceptions -pedantic -Wall -Wextra -Wundef -DCOMPILER_SUPPORT_Wcastalign -Werror   -Wcast-align -o CMakeFiles/cmTryCompileExec2586545109.dir/src.cxx.o -c /home/beomjoon/Documents/Github/drake-distro/eigen/pod-build/CMakeFiles/CMakeTmp/src.cxx
Linking CXX executable cmTryCompileExec2586545109
/usr/bin/cmake -E cmake_link_script CMakeFiles/cmTryCompileExec2586545109.dir/link.txt --verbose=1
/usr/bin/c++    -fexceptions -pedantic -Wall -Wextra -Wundef -DCOMPILER_SUPPORT_Wcastalign -Werror    CMakeFiles/cmTryCompileExec2586545109.dir/src.cxx.o  -o cmTryCompileExec2586545109 -rdynamic 
gmake[4]: Leaving directory `/home/beomjoon/Documents/Github/drake-distro/eigen/pod-build/CMakeFiles/CMakeTmp'
gmake[3]: Leaving directory `/home/beomjoon/Documents/Github/drake-distro/eigen/pod-build/CMakeFiles/CMakeTmp'

Source file was:
int main() { return 0;}
Performing C++ SOURCE FILE Test COMPILER_SUPPORT_Wcharsubscripts succeded with the following output:
Change Dir: /home/beomjoon/Documents/Github/drake-distro/eigen/pod-build/CMakeFiles/CMakeTmp

Run Build Command:/usr/bin/gmake "cmTryCompileExec244464682/fast"
gmake[3]: Entering directory `/home/beomjoon/Documents/Github/drake-distro/eigen/pod-build/CMakeFiles/CMakeTmp'
/usr/bin/gmake -f CMakeFiles/cmTryCompileExec244464682.dir/build.make CMakeFiles/cmTryCompileExec244464682.dir/build
gmake[4]: Entering directory `/home/beomjoon/Documents/Github/drake-distro/eigen/pod-build/CMakeFiles/CMakeTmp'
/usr/bin/cmake -E cmake_progress_report /home/beomjoon/Documents/Github/drake-distro/eigen/pod-build/CMakeFiles/CMakeTmp/CMakeFiles 1
Building CXX object CMakeFiles/cmTryCompileExec244464682.dir/src.cxx.o
/usr/bin/c++    -fexceptions -pedantic -Wall -Wextra -Wundef -Wcast-align -DCOMPILER_SUPPORT_Wcharsubscripts -Werror   -Wchar-subscripts -o CMakeFiles/cmTryCompileExec244464682.dir/src.cxx.o -c /home/beomjoon/Documents/Github/drake-distro/eigen/pod-build/CMakeFiles/CMakeTmp/src.cxx
Linking CXX executable cmTryCompileExec244464682
/usr/bin/cmake -E cmake_link_script CMakeFiles/cmTryCompileExec244464682.dir/link.txt --verbose=1
/usr/bin/c++    -fexceptions -pedantic -Wall -Wextra -Wundef -Wcast-align -DCOMPILER_SUPPORT_Wcharsubscripts -Werror    CMakeFiles/cmTryCompileExec244464682.dir/src.cxx.o  -o cmTryCompileExec244464682 -rdynamic 
gmake[4]: Leaving directory `/home/beomjoon/Documents/Github/drake-distro/eigen/pod-build/CMakeFiles/CMakeTmp'
gmake[3]: Leaving directory `/home/beomjoon/Documents/Github/drake-distro/eigen/pod-build/CMakeFiles/CMakeTmp'

Source file was:
int main() { return 0;}
Performing C++ SOURCE FILE Test COMPILER_SUPPORT_Wnonvirtualdtor succeded with the following output:
Change Dir: /home/beomjoon/Documents/Github/drake-distro/eigen/pod-build/CMakeFiles/CMakeTmp

Run Build Command:/usr/bin/gmake "cmTryCompileExec1540024452/fast"
gmake[3]: Entering directory `/home/beomjoon/Documents/Github/drake-distro/eigen/pod-build/CMakeFiles/CMakeTmp'
/usr/bin/gmake -f CMakeFiles/cmTryCompileExec1540024452.dir/build.make CMakeFiles/cmTryCompileExec1540024452.dir/build
gmake[4]: Entering directory `/home/beomjoon/Documents/Github/drake-distro/eigen/pod-build/CMakeFiles/CMakeTmp'
/usr/bin/cmake -E cmake_progress_report /home/beomjoon/Documents/Github/drake-distro/eigen/pod-build/CMakeFiles/CMakeTmp/CMakeFiles 1
Building CXX object CMakeFiles/cmTryCompileExec1540024452.dir/src.cxx.o
/usr/bin/c++    -fexceptions -pedantic -Wall -Wextra -Wundef -Wcast-align -Wchar-subscripts -DCOMPILER_SUPPORT_Wnonvirtualdtor -Werror   -Wnon-virtual-dtor -o CMakeFiles/cmTryCompileExec1540024452.dir/src.cxx.o -c /home/beomjoon/Documents/Github/drake-distro/eigen/pod-build/CMakeFiles/CMakeTmp/src.cxx
Linking CXX executable cmTryCompileExec1540024452
/usr/bin/cmake -E cmake_link_script CMakeFiles/cmTryCompileExec1540024452.dir/link.txt --verbose=1
/usr/bin/c++    -fexceptions -pedantic -Wall -Wextra -Wundef -Wcast-align -Wchar-subscripts -DCOMPILER_SUPPORT_Wnonvirtualdtor -Werror    CMakeFiles/cmTryCompileExec1540024452.dir/src.cxx.o  -o cmTryCompileExec1540024452 -rdynamic 
gmake[4]: Leaving directory `/home/beomjoon/Documents/Github/drake-distro/eigen/pod-build/CMakeFiles/CMakeTmp'
gmake[3]: Leaving directory `/home/beomjoon/Documents/Github/drake-distro/eigen/pod-build/CMakeFiles/CMakeTmp'

Source file was:
int main() { return 0;}
Performing C++ SOURCE FILE Test COMPILER_SUPPORT_Wunusedlocaltypedefs succeded with the following output:
Change Dir: /home/beomjoon/Documents/Github/drake-distro/eigen/pod-build/CMakeFiles/CMakeTmp

Run Build Command:/usr/bin/gmake "cmTryCompileExec127381534/fast"
gmake[3]: Entering directory `/home/beomjoon/Documents/Github/drake-distro/eigen/pod-build/CMakeFiles/CMakeTmp'
/usr/bin/gmake -f CMakeFiles/cmTryCompileExec127381534.dir/build.make CMakeFiles/cmTryCompileExec127381534.dir/build
gmake[4]: Entering directory `/home/beomjoon/Documents/Github/drake-distro/eigen/pod-build/CMakeFiles/CMakeTmp'
/usr/bin/cmake -E cmake_progress_report /home/beomjoon/Documents/Github/drake-distro/eigen/pod-build/CMakeFiles/CMakeTmp/CMakeFiles 1
Building CXX object CMakeFiles/cmTryCompileExec127381534.dir/src.cxx.o
/usr/bin/c++    -fexceptions -pedantic -Wall -Wextra -Wundef -Wcast-align -Wchar-subscripts -Wnon-virtual-dtor -DCOMPILER_SUPPORT_Wunusedlocaltypedefs -Werror   -Wunused-local-typedefs -o CMakeFiles/cmTryCompileExec127381534.dir/src.cxx.o -c /home/beomjoon/Documents/Github/drake-distro/eigen/pod-build/CMakeFiles/CMakeTmp/src.cxx
Linking CXX executable cmTryCompileExec127381534
/usr/bin/cmake -E cmake_link_script CMakeFiles/cmTryCompileExec127381534.dir/link.txt --verbose=1
/usr/bin/c++    -fexceptions -pedantic -Wall -Wextra -Wundef -Wcast-align -Wchar-subscripts -Wnon-virtual-dtor -DCOMPILER_SUPPORT_Wunusedlocaltypedefs -Werror    CMakeFiles/cmTryCompileExec127381534.dir/src.cxx.o  -o cmTryCompileExec127381534 -rdynamic 
gmake[4]: Leaving directory `/home/beomjoon/Documents/Github/drake-distro/eigen/pod-build/CMakeFiles/CMakeTmp'
gmake[3]: Leaving directory `/home/beomjoon/Documents/Github/drake-distro/eigen/pod-build/CMakeFiles/CMakeTmp'

Source file was:
int main() { return 0;}
Performing C++ SOURCE FILE Test COMPILER_SUPPORT_Wpointerarith succeded with the following output:
Change Dir: /home/beomjoon/Documents/Github/drake-distro/eigen/pod-build/CMakeFiles/CMakeTmp

Run Build Command:/usr/bin/gmake "cmTryCompileExec2156500603/fast"
gmake[3]: Entering directory `/home/beomjoon/Documents/Github/drake-distro/eigen/pod-build/CMakeFiles/CMakeTmp'
/usr/bin/gmake -f CMakeFiles/cmTryCompileExec2156500603.dir/build.make CMakeFiles/cmTryCompileExec2156500603.dir/build
gmake[4]: Entering directory `/home/beomjoon/Documents/Github/drake-distro/eigen/pod-build/CMakeFiles/CMakeTmp'
/usr/bin/cmake -E cmake_progress_report /home/beomjoon/Documents/Github/drake-distro/eigen/pod-build/CMakeFiles/CMakeTmp/CMakeFiles 1
Building CXX object CMakeFiles/cmTryCompileExec2156500603.dir/src.cxx.o
/usr/bin/c++    -fexceptions -pedantic -Wall -Wextra -Wundef -Wcast-align -Wchar-subscripts -Wnon-virtual-dtor -Wunused-local-typedefs -DCOMPILER_SUPPORT_Wpointerarith -Werror   -Wpointer-arith -o CMakeFiles/cmTryCompileExec2156500603.dir/src.cxx.o -c /home/beomjoon/Documents/Github/drake-distro/eigen/pod-build/CMakeFiles/CMakeTmp/src.cxx
Linking CXX executable cmTryCompileExec2156500603
/usr/bin/cmake -E cmake_link_script CMakeFiles/cmTryCompileExec2156500603.dir/link.txt --verbose=1
/usr/bin/c++    -fexceptions -pedantic -Wall -Wextra -Wundef -Wcast-align -Wchar-subscripts -Wnon-virtual-dtor -Wunused-local-typedefs -DCOMPILER_SUPPORT_Wpointerarith -Werror    CMakeFiles/cmTryCompileExec2156500603.dir/src.cxx.o  -o cmTryCompileExec2156500603 -rdynamic 
gmake[4]: Leaving directory `/home/beomjoon/Documents/Github/drake-distro/eigen/pod-build/CMakeFiles/CMakeTmp'
gmake[3]: Leaving directory `/home/beomjoon/Documents/Github/drake-distro/eigen/pod-build/CMakeFiles/CMakeTmp'

Source file was:
int main() { return 0;}
Performing C++ SOURCE FILE Test COMPILER_SUPPORT_Wwritestrings succeded with the following output:
Change Dir: /home/beomjoon/Documents/Github/drake-distro/eigen/pod-build/CMakeFiles/CMakeTmp

Run Build Command:/usr/bin/gmake "cmTryCompileExec1161744137/fast"
gmake[3]: Entering directory `/home/beomjoon/Documents/Github/drake-distro/eigen/pod-build/CMakeFiles/CMakeTmp'
/usr/bin/gmake -f CMakeFiles/cmTryCompileExec1161744137.dir/build.make CMakeFiles/cmTryCompileExec1161744137.dir/build
gmake[4]: Entering directory `/home/beomjoon/Documents/Github/drake-distro/eigen/pod-build/CMakeFiles/CMakeTmp'
/usr/bin/cmake -E cmake_progress_report /home/beomjoon/Documents/Github/drake-distro/eigen/pod-build/CMakeFiles/CMakeTmp/CMakeFiles 1
Building CXX object CMakeFiles/cmTryCompileExec1161744137.dir/src.cxx.o
/usr/bin/c++    -fexceptions -pedantic -Wall -Wextra -Wundef -Wcast-align -Wchar-subscripts -Wnon-virtual-dtor -Wunused-local-typedefs -Wpointer-arith -DCOMPILER_SUPPORT_Wwritestrings -Werror   -Wwrite-strings -o CMakeFiles/cmTryCompileExec1161744137.dir/src.cxx.o -c /home/beomjoon/Documents/Github/drake-distro/eigen/pod-build/CMakeFiles/CMakeTmp/src.cxx
Linking CXX executable cmTryCompileExec1161744137
/usr/bin/cmake -E cmake_link_script CMakeFiles/cmTryCompileExec1161744137.dir/link.txt --verbose=1
/usr/bin/c++    -fexceptions -pedantic -Wall -Wextra -Wundef -Wcast-align -Wchar-subscripts -Wnon-virtual-dtor -Wunused-local-typedefs -Wpointer-arith -DCOMPILER_SUPPORT_Wwritestrings -Werror    CMakeFiles/cmTryCompileExec1161744137.dir/src.cxx.o  -o cmTryCompileExec1161744137 -rdynamic 
gmake[4]: Leaving directory `/home/beomjoon/Documents/Github/drake-distro/eigen/pod-build/CMakeFiles/CMakeTmp'
gmake[3]: Leaving directory `/home/beomjoon/Documents/Github/drake-distro/eigen/pod-build/CMakeFiles/CMakeTmp'

Source file was:
int main() { return 0;}
Performing C++ SOURCE FILE Test COMPILER_SUPPORT_Wformatsecurity succeded with the following output:
Change Dir: /home/beomjoon/Documents/Github/drake-distro/eigen/pod-build/CMakeFiles/CMakeTmp

Run Build Command:/usr/bin/gmake "cmTryCompileExec1970213141/fast"
gmake[3]: Entering directory `/home/beomjoon/Documents/Github/drake-distro/eigen/pod-build/CMakeFiles/CMakeTmp'
/usr/bin/gmake -f CMakeFiles/cmTryCompileExec1970213141.dir/build.make CMakeFiles/cmTryCompileExec1970213141.dir/build
gmake[4]: Entering directory `/home/beomjoon/Documents/Github/drake-distro/eigen/pod-build/CMakeFiles/CMakeTmp'
/usr/bin/cmake -E cmake_progress_report /home/beomjoon/Documents/Github/drake-distro/eigen/pod-build/CMakeFiles/CMakeTmp/CMakeFiles 1
Building CXX object CMakeFiles/cmTryCompileExec1970213141.dir/src.cxx.o
/usr/bin/c++    -fexceptions -pedantic -Wall -Wextra -Wundef -Wcast-align -Wchar-subscripts -Wnon-virtual-dtor -Wunused-local-typedefs -Wpointer-arith -Wwrite-strings -DCOMPILER_SUPPORT_Wformatsecurity -Werror   -Wformat-security -o CMakeFiles/cmTryCompileExec1970213141.dir/src.cxx.o -c /home/beomjoon/Documents/Github/drake-distro/eigen/pod-build/CMakeFiles/CMakeTmp/src.cxx
Linking CXX executable cmTryCompileExec1970213141
/usr/bin/cmake -E cmake_link_script CMakeFiles/cmTryCompileExec1970213141.dir/link.txt --verbose=1
/usr/bin/c++    -fexceptions -pedantic -Wall -Wextra -Wundef -Wcast-align -Wchar-subscripts -Wnon-virtual-dtor -Wunused-local-typedefs -Wpointer-arith -Wwrite-strings -DCOMPILER_SUPPORT_Wformatsecurity -Werror    CMakeFiles/cmTryCompileExec1970213141.dir/src.cxx.o  -o cmTryCompileExec1970213141 -rdynamic 
gmake[4]: Leaving directory `/home/beomjoon/Documents/Github/drake-distro/eigen/pod-build/CMakeFiles/CMakeTmp'
gmake[3]: Leaving directory `/home/beomjoon/Documents/Github/drake-distro/eigen/pod-build/CMakeFiles/CMakeTmp'

Source file was:
int main() { return 0;}
Performing C++ SOURCE FILE Test COMPILER_SUPPORT_Wnopsabi succeded with the following output:
Change Dir: /home/beomjoon/Documents/Github/drake-distro/eigen/pod-build/CMakeFiles/CMakeTmp

Run Build Command:/usr/bin/gmake "cmTryCompileExec1779771223/fast"
gmake[3]: Entering directory `/home/beomjoon/Documents/Github/drake-distro/eigen/pod-build/CMakeFiles/CMakeTmp'
/usr/bin/gmake -f CMakeFiles/cmTryCompileExec1779771223.dir/build.make CMakeFiles/cmTryCompileExec1779771223.dir/build
gmake[4]: Entering directory `/home/beomjoon/Documents/Github/drake-distro/eigen/pod-build/CMakeFiles/CMakeTmp'
/usr/bin/cmake -E cmake_progress_report /home/beomjoon/Documents/Github/drake-distro/eigen/pod-build/CMakeFiles/CMakeTmp/CMakeFiles 1
Building CXX object CMakeFiles/cmTryCompileExec1779771223.dir/src.cxx.o
/usr/bin/c++    -fexceptions -pedantic -Wall -Wextra -Wundef -Wcast-align -Wchar-subscripts -Wnon-virtual-dtor -Wunused-local-typedefs -Wpointer-arith -Wwrite-strings -Wformat-security -DCOMPILER_SUPPORT_Wnopsabi -Werror   -Wno-psabi -o CMakeFiles/cmTryCompileExec1779771223.dir/src.cxx.o -c /home/beomjoon/Documents/Github/drake-distro/eigen/pod-build/CMakeFiles/CMakeTmp/src.cxx
Linking CXX executable cmTryCompileExec1779771223
/usr/bin/cmake -E cmake_link_script CMakeFiles/cmTryCompileExec1779771223.dir/link.txt --verbose=1
/usr/bin/c++    -fexceptions -pedantic -Wall -Wextra -Wundef -Wcast-align -Wchar-subscripts -Wnon-virtual-dtor -Wunused-local-typedefs -Wpointer-arith -Wwrite-strings -Wformat-security -DCOMPILER_SUPPORT_Wnopsabi -Werror    CMakeFiles/cmTryCompileExec1779771223.dir/src.cxx.o  -o cmTryCompileExec1779771223 -rdynamic 
gmake[4]: Leaving directory `/home/beomjoon/Documents/Github/drake-distro/eigen/pod-build/CMakeFiles/CMakeTmp'
gmake[3]: Leaving directory `/home/beomjoon/Documents/Github/drake-distro/eigen/pod-build/CMakeFiles/CMakeTmp'

Source file was:
int main() { return 0;}
Performing C++ SOURCE FILE Test COMPILER_SUPPORT_Wnovariadicmacros succeded with the following output:
Change Dir: /home/beomjoon/Documents/Github/drake-distro/eigen/pod-build/CMakeFiles/CMakeTmp

Run Build Command:/usr/bin/gmake "cmTryCompileExec2097789618/fast"
gmake[3]: Entering directory `/home/beomjoon/Documents/Github/drake-distro/eigen/pod-build/CMakeFiles/CMakeTmp'
/usr/bin/gmake -f CMakeFiles/cmTryCompileExec2097789618.dir/build.make CMakeFiles/cmTryCompileExec2097789618.dir/build
gmake[4]: Entering directory `/home/beomjoon/Documents/Github/drake-distro/eigen/pod-build/CMakeFiles/CMakeTmp'
/usr/bin/cmake -E cmake_progress_report /home/beomjoon/Documents/Github/drake-distro/eigen/pod-build/CMakeFiles/CMakeTmp/CMakeFiles 1
Building CXX object CMakeFiles/cmTryCompileExec2097789618.dir/src.cxx.o
/usr/bin/c++    -fexceptions -pedantic -Wall -Wextra -Wundef -Wcast-align -Wchar-subscripts -Wnon-virtual-dtor -Wunused-local-typedefs -Wpointer-arith -Wwrite-strings -Wformat-security -Wno-psabi -DCOMPILER_SUPPORT_Wnovariadicmacros -Werror   -Wno-variadic-macros -o CMakeFiles/cmTryCompileExec2097789618.dir/src.cxx.o -c /home/beomjoon/Documents/Github/drake-distro/eigen/pod-build/CMakeFiles/CMakeTmp/src.cxx
Linking CXX executable cmTryCompileExec2097789618
/usr/bin/cmake -E cmake_link_script CMakeFiles/cmTryCompileExec2097789618.dir/link.txt --verbose=1
/usr/bin/c++    -fexceptions -pedantic -Wall -Wextra -Wundef -Wcast-align -Wchar-subscripts -Wnon-virtual-dtor -Wunused-local-typedefs -Wpointer-arith -Wwrite-strings -Wformat-security -Wno-psabi -DCOMPILER_SUPPORT_Wnovariadicmacros -Werror    CMakeFiles/cmTryCompileExec2097789618.dir/src.cxx.o  -o cmTryCompileExec2097789618 -rdynamic 
gmake[4]: Leaving directory `/home/beomjoon/Documents/Github/drake-distro/eigen/pod-build/CMakeFiles/CMakeTmp'
gmake[3]: Leaving directory `/home/beomjoon/Documents/Github/drake-distro/eigen/pod-build/CMakeFiles/CMakeTmp'

Source file was:
int main() { return 0;}
Performing C++ SOURCE FILE Test COMPILER_SUPPORT_Wnolonglong succeded with the following output:
Change Dir: /home/beomjoon/Documents/Github/drake-distro/eigen/pod-build/CMakeFiles/CMakeTmp

Run Build Command:/usr/bin/gmake "cmTryCompileExec390930222/fast"
gmake[3]: Entering directory `/home/beomjoon/Documents/Github/drake-distro/eigen/pod-build/CMakeFiles/CMakeTmp'
/usr/bin/gmake -f CMakeFiles/cmTryCompileExec390930222.dir/build.make CMakeFiles/cmTryCompileExec390930222.dir/build
gmake[4]: Entering directory `/home/beomjoon/Documents/Github/drake-distro/eigen/pod-build/CMakeFiles/CMakeTmp'
/usr/bin/cmake -E cmake_progress_report /home/beomjoon/Documents/Github/drake-distro/eigen/pod-build/CMakeFiles/CMakeTmp/CMakeFiles 1
Building CXX object CMakeFiles/cmTryCompileExec390930222.dir/src.cxx.o
/usr/bin/c++    -fexceptions -pedantic -Wall -Wextra -Wundef -Wcast-align -Wchar-subscripts -Wnon-virtual-dtor -Wunused-local-typedefs -Wpointer-arith -Wwrite-strings -Wformat-security -Wno-psabi -Wno-variadic-macros -DCOMPILER_SUPPORT_Wnolonglong -Werror   -Wno-long-long -o CMakeFiles/cmTryCompileExec390930222.dir/src.cxx.o -c /home/beomjoon/Documents/Github/drake-distro/eigen/pod-build/CMakeFiles/CMakeTmp/src.cxx
Linking CXX executable cmTryCompileExec390930222
/usr/bin/cmake -E cmake_link_script CMakeFiles/cmTryCompileExec390930222.dir/link.txt --verbose=1
/usr/bin/c++    -fexceptions -pedantic -Wall -Wextra -Wundef -Wcast-align -Wchar-subscripts -Wnon-virtual-dtor -Wunused-local-typedefs -Wpointer-arith -Wwrite-strings -Wformat-security -Wno-psabi -Wno-variadic-macros -DCOMPILER_SUPPORT_Wnolonglong -Werror    CMakeFiles/cmTryCompileExec390930222.dir/src.cxx.o  -o cmTryCompileExec390930222 -rdynamic 
gmake[4]: Leaving directory `/home/beomjoon/Documents/Github/drake-distro/eigen/pod-build/CMakeFiles/CMakeTmp'
gmake[3]: Leaving directory `/home/beomjoon/Documents/Github/drake-distro/eigen/pod-build/CMakeFiles/CMakeTmp'

Source file was:
int main() { return 0;}
Performing C++ SOURCE FILE Test COMPILER_SUPPORT_fnochecknew succeded with the following output:
Change Dir: /home/beomjoon/Documents/Github/drake-distro/eigen/pod-build/CMakeFiles/CMakeTmp

Run Build Command:/usr/bin/gmake "cmTryCompileExec2741982782/fast"
gmake[3]: Entering directory `/home/beomjoon/Documents/Github/drake-distro/eigen/pod-build/CMakeFiles/CMakeTmp'
/usr/bin/gmake -f CMakeFiles/cmTryCompileExec2741982782.dir/build.make CMakeFiles/cmTryCompileExec2741982782.dir/build
gmake[4]: Entering directory `/home/beomjoon/Documents/Github/drake-distro/eigen/pod-build/CMakeFiles/CMakeTmp'
/usr/bin/cmake -E cmake_progress_report /home/beomjoon/Documents/Github/drake-distro/eigen/pod-build/CMakeFiles/CMakeTmp/CMakeFiles 1
Building CXX object CMakeFiles/cmTryCompileExec2741982782.dir/src.cxx.o
/usr/bin/c++    -fexceptions -pedantic -Wall -Wextra -Wundef -Wcast-align -Wchar-subscripts -Wnon-virtual-dtor -Wunused-local-typedefs -Wpointer-arith -Wwrite-strings -Wformat-security -Wno-psabi -Wno-variadic-macros -Wno-long-long -DCOMPILER_SUPPORT_fnochecknew -Werror   -fno-check-new -o CMakeFiles/cmTryCompileExec2741982782.dir/src.cxx.o -c /home/beomjoon/Documents/Github/drake-distro/eigen/pod-build/CMakeFiles/CMakeTmp/src.cxx
Linking CXX executable cmTryCompileExec2741982782
/usr/bin/cmake -E cmake_link_script CMakeFiles/cmTryCompileExec2741982782.dir/link.txt --verbose=1
/usr/bin/c++    -fexceptions -pedantic -Wall -Wextra -Wundef -Wcast-align -Wchar-subscripts -Wnon-virtual-dtor -Wunused-local-typedefs -Wpointer-arith -Wwrite-strings -Wformat-security -Wno-psabi -Wno-variadic-macros -Wno-long-long -DCOMPILER_SUPPORT_fnochecknew -Werror    CMakeFiles/cmTryCompileExec2741982782.dir/src.cxx.o  -o cmTryCompileExec2741982782 -rdynamic 
gmake[4]: Leaving directory `/home/beomjoon/Documents/Github/drake-distro/eigen/pod-build/CMakeFiles/CMakeTmp'
gmake[3]: Leaving directory `/home/beomjoon/Documents/Github/drake-distro/eigen/pod-build/CMakeFiles/CMakeTmp'

Source file was:
int main() { return 0;}
Performing C++ SOURCE FILE Test COMPILER_SUPPORT_fnocommon succeded with the following output:
Change Dir: /home/beomjoon/Documents/Github/drake-distro/eigen/pod-build/CMakeFiles/CMakeTmp

Run Build Command:/usr/bin/gmake "cmTryCompileExec938959259/fast"
gmake[3]: Entering directory `/home/beomjoon/Documents/Github/drake-distro/eigen/pod-build/CMakeFiles/CMakeTmp'
/usr/bin/gmake -f CMakeFiles/cmTryCompileExec938959259.dir/build.make CMakeFiles/cmTryCompileExec938959259.dir/build
gmake[4]: Entering directory `/home/beomjoon/Documents/Github/drake-distro/eigen/pod-build/CMakeFiles/CMakeTmp'
/usr/bin/cmake -E cmake_progress_report /home/beomjoon/Documents/Github/drake-distro/eigen/pod-build/CMakeFiles/CMakeTmp/CMakeFiles 1
Building CXX object CMakeFiles/cmTryCompileExec938959259.dir/src.cxx.o
/usr/bin/c++    -fexceptions -pedantic -Wall -Wextra -Wundef -Wcast-align -Wchar-subscripts -Wnon-virtual-dtor -Wunused-local-typedefs -Wpointer-arith -Wwrite-strings -Wformat-security -Wno-psabi -Wno-variadic-macros -Wno-long-long -fno-check-new -DCOMPILER_SUPPORT_fnocommon -Werror   -fno-common -o CMakeFiles/cmTryCompileExec938959259.dir/src.cxx.o -c /home/beomjoon/Documents/Github/drake-distro/eigen/pod-build/CMakeFiles/CMakeTmp/src.cxx
Linking CXX executable cmTryCompileExec938959259
/usr/bin/cmake -E cmake_link_script CMakeFiles/cmTryCompileExec938959259.dir/link.txt --verbose=1
/usr/bin/c++    -fexceptions -pedantic -Wall -Wextra -Wundef -Wcast-align -Wchar-subscripts -Wnon-virtual-dtor -Wunused-local-typedefs -Wpointer-arith -Wwrite-strings -Wformat-security -Wno-psabi -Wno-variadic-macros -Wno-long-long -fno-check-new -DCOMPILER_SUPPORT_fnocommon -Werror    CMakeFiles/cmTryCompileExec938959259.dir/src.cxx.o  -o cmTryCompileExec938959259 -rdynamic 
gmake[4]: Leaving directory `/home/beomjoon/Documents/Github/drake-distro/eigen/pod-build/CMakeFiles/CMakeTmp'
gmake[3]: Leaving directory `/home/beomjoon/Documents/Github/drake-distro/eigen/pod-build/CMakeFiles/CMakeTmp'

Source file was:
int main() { return 0;}
Performing C++ SOURCE FILE Test COMPILER_SUPPORT_fstrictaliasing succeded with the following output:
Change Dir: /home/beomjoon/Documents/Github/drake-distro/eigen/pod-build/CMakeFiles/CMakeTmp

Run Build Command:/usr/bin/gmake "cmTryCompileExec1336492020/fast"
gmake[3]: Entering directory `/home/beomjoon/Documents/Github/drake-distro/eigen/pod-build/CMakeFiles/CMakeTmp'
/usr/bin/gmake -f CMakeFiles/cmTryCompileExec1336492020.dir/build.make CMakeFiles/cmTryCompileExec1336492020.dir/build
gmake[4]: Entering directory `/home/beomjoon/Documents/Github/drake-distro/eigen/pod-build/CMakeFiles/CMakeTmp'
/usr/bin/cmake -E cmake_progress_report /home/beomjoon/Documents/Github/drake-distro/eigen/pod-build/CMakeFiles/CMakeTmp/CMakeFiles 1
Building CXX object CMakeFiles/cmTryCompileExec1336492020.dir/src.cxx.o
/usr/bin/c++    -fexceptions -pedantic -Wall -Wextra -Wundef -Wcast-align -Wchar-subscripts -Wnon-virtual-dtor -Wunused-local-typedefs -Wpointer-arith -Wwrite-strings -Wformat-security -Wno-psabi -Wno-variadic-macros -Wno-long-long -fno-check-new -fno-common -DCOMPILER_SUPPORT_fstrictaliasing -Werror   -fstrict-aliasing -o CMakeFiles/cmTryCompileExec1336492020.dir/src.cxx.o -c /home/beomjoon/Documents/Github/drake-distro/eigen/pod-build/CMakeFiles/CMakeTmp/src.cxx
Linking CXX executable cmTryCompileExec1336492020
/usr/bin/cmake -E cmake_link_script CMakeFiles/cmTryCompileExec1336492020.dir/link.txt --verbose=1
/usr/bin/c++    -fexceptions -pedantic -Wall -Wextra -Wundef -Wcast-align -Wchar-subscripts -Wnon-virtual-dtor -Wunused-local-typedefs -Wpointer-arith -Wwrite-strings -Wformat-security -Wno-psabi -Wno-variadic-macros -Wno-long-long -fno-check-new -fno-common -DCOMPILER_SUPPORT_fstrictaliasing -Werror    CMakeFiles/cmTryCompileExec1336492020.dir/src.cxx.o  -o cmTryCompileExec1336492020 -rdynamic 
gmake[4]: Leaving directory `/home/beomjoon/Documents/Github/drake-distro/eigen/pod-build/CMakeFiles/CMakeTmp'
gmake[3]: Leaving directory `/home/beomjoon/Documents/Github/drake-distro/eigen/pod-build/CMakeFiles/CMakeTmp'

Source file was:
int main() { return 0;}
Performing C++ SOURCE FILE Test COMPILER_SUPPORT_ansi succeded with the following output:
Change Dir: /home/beomjoon/Documents/Github/drake-distro/eigen/pod-build/CMakeFiles/CMakeTmp

Run Build Command:/usr/bin/gmake "cmTryCompileExec3426840510/fast"
gmake[3]: Entering directory `/home/beomjoon/Documents/Github/drake-distro/eigen/pod-build/CMakeFiles/CMakeTmp'
/usr/bin/gmake -f CMakeFiles/cmTryCompileExec3426840510.dir/build.make CMakeFiles/cmTryCompileExec3426840510.dir/build
gmake[4]: Entering directory `/home/beomjoon/Documents/Github/drake-distro/eigen/pod-build/CMakeFiles/CMakeTmp'
/usr/bin/cmake -E cmake_progress_report /home/beomjoon/Documents/Github/drake-distro/eigen/pod-build/CMakeFiles/CMakeTmp/CMakeFiles 1
Building CXX object CMakeFiles/cmTryCompileExec3426840510.dir/src.cxx.o
/usr/bin/c++    -fexceptions -pedantic -Wall -Wextra -Wundef -Wcast-align -Wchar-subscripts -Wnon-virtual-dtor -Wunused-local-typedefs -Wpointer-arith -Wwrite-strings -Wformat-security -Wno-psabi -Wno-variadic-macros -Wno-long-long -fno-check-new -fno-common -fstrict-aliasing -DCOMPILER_SUPPORT_ansi -Werror   -ansi -o CMakeFiles/cmTryCompileExec3426840510.dir/src.cxx.o -c /home/beomjoon/Documents/Github/drake-distro/eigen/pod-build/CMakeFiles/CMakeTmp/src.cxx
Linking CXX executable cmTryCompileExec3426840510
/usr/bin/cmake -E cmake_link_script CMakeFiles/cmTryCompileExec3426840510.dir/link.txt --verbose=1
/usr/bin/c++    -fexceptions -pedantic -Wall -Wextra -Wundef -Wcast-align -Wchar-subscripts -Wnon-virtual-dtor -Wunused-local-typedefs -Wpointer-arith -Wwrite-strings -Wformat-security -Wno-psabi -Wno-variadic-macros -Wno-long-long -fno-check-new -fno-common -fstrict-aliasing -DCOMPILER_SUPPORT_ansi -Werror    CMakeFiles/cmTryCompileExec3426840510.dir/src.cxx.o  -o cmTryCompileExec3426840510 -rdynamic 
gmake[4]: Leaving directory `/home/beomjoon/Documents/Github/drake-distro/eigen/pod-build/CMakeFiles/CMakeTmp'
gmake[3]: Leaving directory `/home/beomjoon/Documents/Github/drake-distro/eigen/pod-build/CMakeFiles/CMakeTmp'

Source file was:
int main() { return 0;}
Performing C++ SOURCE FILE Test COMPILER_SUPPORT_OPENMP succeded with the following output:
Change Dir: /home/beomjoon/Documents/Github/drake-distro/eigen/pod-build/CMakeFiles/CMakeTmp

Run Build Command:/usr/bin/gmake "cmTryCompileExec676272725/fast"
gmake[3]: Entering directory `/home/beomjoon/Documents/Github/drake-distro/eigen/pod-build/CMakeFiles/CMakeTmp'
/usr/bin/gmake -f CMakeFiles/cmTryCompileExec676272725.dir/build.make CMakeFiles/cmTryCompileExec676272725.dir/build
gmake[4]: Entering directory `/home/beomjoon/Documents/Github/drake-distro/eigen/pod-build/CMakeFiles/CMakeTmp'
/usr/bin/cmake -E cmake_progress_report /home/beomjoon/Documents/Github/drake-distro/eigen/pod-build/CMakeFiles/CMakeTmp/CMakeFiles 1
Building CXX object CMakeFiles/cmTryCompileExec676272725.dir/src.cxx.o
/usr/bin/c++    -fexceptions -pedantic -Wall -Wextra -Wundef -Wcast-align -Wchar-subscripts -Wnon-virtual-dtor -Wunused-local-typedefs -Wpointer-arith -Wwrite-strings -Wformat-security -Wno-psabi -Wno-variadic-macros -Wno-long-long -fno-check-new -fno-common -fstrict-aliasing -ansi -DCOMPILER_SUPPORT_OPENMP   -fopenmp -o CMakeFiles/cmTryCompileExec676272725.dir/src.cxx.o -c /home/beomjoon/Documents/Github/drake-distro/eigen/pod-build/CMakeFiles/CMakeTmp/src.cxx
Linking CXX executable cmTryCompileExec676272725
/usr/bin/cmake -E cmake_link_script CMakeFiles/cmTryCompileExec676272725.dir/link.txt --verbose=1
/usr/bin/c++    -fexceptions -pedantic -Wall -Wextra -Wundef -Wcast-align -Wchar-subscripts -Wnon-virtual-dtor -Wunused-local-typedefs -Wpointer-arith -Wwrite-strings -Wformat-security -Wno-psabi -Wno-variadic-macros -Wno-long-long -fno-check-new -fno-common -fstrict-aliasing -ansi -DCOMPILER_SUPPORT_OPENMP    CMakeFiles/cmTryCompileExec676272725.dir/src.cxx.o  -o cmTryCompileExec676272725 -rdynamic 
gmake[4]: Leaving directory `/home/beomjoon/Documents/Github/drake-distro/eigen/pod-build/CMakeFiles/CMakeTmp'
gmake[3]: Leaving directory `/home/beomjoon/Documents/Github/drake-distro/eigen/pod-build/CMakeFiles/CMakeTmp'

Source file was:
int main() { return 0;}
Compiling the Fortran compiler identification source file "CMakeFortranCompilerId.F" succeeded.
Compiler: /usr/bin/gfortran 
Build flags: 
Id flags: 

The output was:
0


Compilation of the Fortran compiler identification source "CMakeFortranCompilerId.F" produced "a.out"

The Fortran compiler identification is GNU, found in "/home/beomjoon/Documents/Github/drake-distro/eigen/pod-build/CMakeFiles/2.8.12.2/CompilerIdFortran/a.out"

Determining if the Fortran compiler works passed with the following output:
Change Dir: /home/beomjoon/Documents/Github/drake-distro/eigen/pod-build/CMakeFiles/CMakeTmp

Run Build Command:/usr/bin/gmake "cmTryCompileExec765481540/fast"
gmake[3]: Entering directory `/home/beomjoon/Documents/Github/drake-distro/eigen/pod-build/CMakeFiles/CMakeTmp'
/usr/bin/gmake -f CMakeFiles/cmTryCompileExec765481540.dir/build.make CMakeFiles/cmTryCompileExec765481540.dir/build
gmake[4]: Entering directory `/home/beomjoon/Documents/Github/drake-distro/eigen/pod-build/CMakeFiles/CMakeTmp'
/usr/bin/cmake -E cmake_progress_report /home/beomjoon/Documents/Github/drake-distro/eigen/pod-build/CMakeFiles/CMakeTmp/CMakeFiles 1
Building Fortran object CMakeFiles/cmTryCompileExec765481540.dir/testFortranCompiler.f.o
/usr/bin/gfortran    -c /home/beomjoon/Documents/Github/drake-distro/eigen/pod-build/CMakeFiles/CMakeTmp/testFortranCompiler.f -o CMakeFiles/cmTryCompileExec765481540.dir/testFortranCompiler.f.o
Linking Fortran executable cmTryCompileExec765481540
/usr/bin/cmake -E cmake_link_script CMakeFiles/cmTryCompileExec765481540.dir/link.txt --verbose=1
/usr/bin/gfortran       CMakeFiles/cmTryCompileExec765481540.dir/testFortranCompiler.f.o  -o cmTryCompileExec765481540 -rdynamic 
gmake[4]: Leaving directory `/home/beomjoon/Documents/Github/drake-distro/eigen/pod-build/CMakeFiles/CMakeTmp'
gmake[3]: Leaving directory `/home/beomjoon/Documents/Github/drake-distro/eigen/pod-build/CMakeFiles/CMakeTmp'


Detecting Fortran compiler ABI info compiled with the following output:
Change Dir: /home/beomjoon/Documents/Github/drake-distro/eigen/pod-build/CMakeFiles/CMakeTmp

Run Build Command:/usr/bin/gmake "cmTryCompileExec3902043637/fast"
gmake[3]: Entering directory `/home/beomjoon/Documents/Github/drake-distro/eigen/pod-build/CMakeFiles/CMakeTmp'
/usr/bin/gmake -f CMakeFiles/cmTryCompileExec3902043637.dir/build.make CMakeFiles/cmTryCompileExec3902043637.dir/build
gmake[4]: Entering directory `/home/beomjoon/Documents/Github/drake-distro/eigen/pod-build/CMakeFiles/CMakeTmp'
/usr/bin/cmake -E cmake_progress_report /home/beomjoon/Documents/Github/drake-distro/eigen/pod-build/CMakeFiles/CMakeTmp/CMakeFiles 1
Building Fortran object CMakeFiles/cmTryCompileExec3902043637.dir/CMakeFortranCompilerABI.F.o
/usr/bin/gfortran    -c /usr/share/cmake-2.8/Modules/CMakeFortranCompilerABI.F -o CMakeFiles/cmTryCompileExec3902043637.dir/CMakeFortranCompilerABI.F.o
Linking Fortran executable cmTryCompileExec3902043637
/usr/bin/cmake -E cmake_link_script CMakeFiles/cmTryCompileExec3902043637.dir/link.txt --verbose=1
/usr/bin/gfortran   -v   CMakeFiles/cmTryCompileExec3902043637.dir/CMakeFortranCompilerABI.F.o  -o cmTryCompileExec3902043637 -rdynamic  
Driving: /usr/bin/gfortran -v CMakeFiles/cmTryCompileExec3902043637.dir/CMakeFortranCompilerABI.F.o -o cmTryCompileExec3902043637 -rdynamic -l gfortran -l m -shared-libgcc
Using built-in specs.
COLLECT_GCC=/usr/bin/gfortran
COLLECT_LTO_WRAPPER=/usr/lib/gcc/x86_64-linux-gnu/4.8/lto-wrapper
Target: x86_64-linux-gnu
Configured with: ../src/configure -v --with-pkgversion='Ubuntu 4.8.2-19ubuntu1' --with-bugurl=file:///usr/share/doc/gcc-4.8/README.Bugs --enable-languages=c,c++,java,go,d,fortran,objc,obj-c++ --prefix=/usr --program-suffix=-4.8 --enable-shared --enable-linker-build-id --libexecdir=/usr/lib --without-included-gettext --enable-threads=posix --with-gxx-include-dir=/usr/include/c++/4.8 --libdir=/usr/lib --enable-nls --with-sysroot=/ --enable-clocale=gnu --enable-libstdcxx-debug --enable-libstdcxx-time=yes --enable-gnu-unique-object --disable-libmudflap --enable-plugin --with-system-zlib --disable-browser-plugin --enable-java-awt=gtk --enable-gtk-cairo --with-java-home=/usr/lib/jvm/java-1.5.0-gcj-4.8-amd64/jre --enable-java-home --with-jvm-root-dir=/usr/lib/jvm/java-1.5.0-gcj-4.8-amd64 --with-jvm-jar-dir=/usr/lib/jvm-exports/java-1.5.0-gcj-4.8-amd64 --with-arch-directory=amd64 --with-ecj-jar=/usr/share/java/eclipse-ecj.jar --enable-objc-gc --enable-multiarch --disable-werror --with-arch-32=i686 --with-abi=m64 --with-multilib-list=m32,m64,mx32 --with-tune=generic --enable-checking=release --build=x86_64-linux-gnu --host=x86_64-linux-gnu --target=x86_64-linux-gnu
Thread model: posix
gcc version 4.8.2 (Ubuntu 4.8.2-19ubuntu1) 
Reading specs from /usr/lib/gcc/x86_64-linux-gnu/4.8/libgfortran.spec
rename spec lib to liborig
COLLECT_GCC_OPTIONS='-v' '-o' 'cmTryCompileExec3902043637' '-rdynamic' '-shared-libgcc' '-mtune=generic' '-march=x86-64'
COMPILER_PATH=/usr/lib/gcc/x86_64-linux-gnu/4.8/:/usr/lib/gcc/x86_64-linux-gnu/4.8/:/usr/lib/gcc/x86_64-linux-gnu/:/usr/lib/gcc/x86_64-linux-gnu/4.8/:/usr/lib/gcc/x86_64-linux-gnu/
LIBRARY_PATH=/usr/lib/gcc/x86_64-linux-gnu/4.8/:/usr/lib/gcc/x86_64-linux-gnu/4.8/../../../x86_64-linux-gnu/:/usr/lib/gcc/x86_64-linux-gnu/4.8/../../../../lib/:/lib/x86_64-linux-gnu/:/lib/../lib/:/usr/lib/x86_64-linux-gnu/:/usr/lib/../lib/:/usr/lib/gcc/x86_64-linux-gnu/4.8/../../../:/lib/:/usr/lib/
COLLECT_GCC_OPTIONS='-v' '-o' 'cmTryCompileExec3902043637' '-rdynamic' '-shared-libgcc' '-mtune=generic' '-march=x86-64'
 /usr/lib/gcc/x86_64-linux-gnu/4.8/collect2 --sysroot=/ --build-id --eh-frame-hdr -m elf_x86_64 --hash-style=gnu --as-needed -export-dynamic -dynamic-linker /lib64/ld-linux-x86-64.so.2 -z relro -o cmTryCompileExec3902043637 /usr/lib/gcc/x86_64-linux-gnu/4.8/../../../x86_64-linux-gnu/crt1.o /usr/lib/gcc/x86_64-linux-gnu/4.8/../../../x86_64-linux-gnu/crti.o /usr/lib/gcc/x86_64-linux-gnu/4.8/crtbegin.o -L/usr/lib/gcc/x86_64-linux-gnu/4.8 -L/usr/lib/gcc/x86_64-linux-gnu/4.8/../../../x86_64-linux-gnu -L/usr/lib/gcc/x86_64-linux-gnu/4.8/../../../../lib -L/lib/x86_64-linux-gnu -L/lib/../lib -L/usr/lib/x86_64-linux-gnu -L/usr/lib/../lib -L/usr/lib/gcc/x86_64-linux-gnu/4.8/../../.. CMakeFiles/cmTryCompileExec3902043637.dir/CMakeFortranCompilerABI.F.o -lgfortran -lm -lgcc_s -lgcc -lquadmath -lm -lgcc_s -lgcc -lc -lgcc_s -lgcc /usr/lib/gcc/x86_64-linux-gnu/4.8/crtend.o /usr/lib/gcc/x86_64-linux-gnu/4.8/../../../x86_64-linux-gnu/crtn.o
gmake[4]: Leaving directory `/home/beomjoon/Documents/Github/drake-distro/eigen/pod-build/CMakeFiles/CMakeTmp'
gmake[3]: Leaving directory `/home/beomjoon/Documents/Github/drake-distro/eigen/pod-build/CMakeFiles/CMakeTmp'


Parsed Fortran implicit link information from above output:
  link line regex: [^( *|.*[/\])(ld|([^/\]+-)?ld|collect2)[^/\]*( |$)]
  ignore line: [Change Dir: /home/beomjoon/Documents/Github/drake-distro/eigen/pod-build/CMakeFiles/CMakeTmp]
  ignore line: []
  ignore line: [Run Build Command:/usr/bin/gmake "cmTryCompileExec3902043637/fast"]
  ignore line: [gmake[3]: Entering directory `/home/beomjoon/Documents/Github/drake-distro/eigen/pod-build/CMakeFiles/CMakeTmp']
  ignore line: [/usr/bin/gmake -f CMakeFiles/cmTryCompileExec3902043637.dir/build.make CMakeFiles/cmTryCompileExec3902043637.dir/build]
  ignore line: [gmake[4]: Entering directory `/home/beomjoon/Documents/Github/drake-distro/eigen/pod-build/CMakeFiles/CMakeTmp']
  ignore line: [/usr/bin/cmake -E cmake_progress_report /home/beomjoon/Documents/Github/drake-distro/eigen/pod-build/CMakeFiles/CMakeTmp/CMakeFiles 1]
  ignore line: [Building Fortran object CMakeFiles/cmTryCompileExec3902043637.dir/CMakeFortranCompilerABI.F.o]
  ignore line: [/usr/bin/gfortran    -c /usr/share/cmake-2.8/Modules/CMakeFortranCompilerABI.F -o CMakeFiles/cmTryCompileExec3902043637.dir/CMakeFortranCompilerABI.F.o]
  ignore line: [Linking Fortran executable cmTryCompileExec3902043637]
  ignore line: [/usr/bin/cmake -E cmake_link_script CMakeFiles/cmTryCompileExec3902043637.dir/link.txt --verbose=1]
  ignore line: [/usr/bin/gfortran   -v   CMakeFiles/cmTryCompileExec3902043637.dir/CMakeFortranCompilerABI.F.o  -o cmTryCompileExec3902043637 -rdynamic  ]
  ignore line: [Driving: /usr/bin/gfortran -v CMakeFiles/cmTryCompileExec3902043637.dir/CMakeFortranCompilerABI.F.o -o cmTryCompileExec3902043637 -rdynamic -l gfortran -l m -shared-libgcc]
  ignore line: [Using built-in specs.]
  ignore line: [COLLECT_GCC=/usr/bin/gfortran]
  ignore line: [COLLECT_LTO_WRAPPER=/usr/lib/gcc/x86_64-linux-gnu/4.8/lto-wrapper]
  ignore line: [Target: x86_64-linux-gnu]
  ignore line: [Configured with: ../src/configure -v --with-pkgversion='Ubuntu 4.8.2-19ubuntu1' --with-bugurl=file:///usr/share/doc/gcc-4.8/README.Bugs --enable-languages=c,c++,java,go,d,fortran,objc,obj-c++ --prefix=/usr --program-suffix=-4.8 --enable-shared --enable-linker-build-id --libexecdir=/usr/lib --without-included-gettext --enable-threads=posix --with-gxx-include-dir=/usr/include/c++/4.8 --libdir=/usr/lib --enable-nls --with-sysroot=/ --enable-clocale=gnu --enable-libstdcxx-debug --enable-libstdcxx-time=yes --enable-gnu-unique-object --disable-libmudflap --enable-plugin --with-system-zlib --disable-browser-plugin --enable-java-awt=gtk --enable-gtk-cairo --with-java-home=/usr/lib/jvm/java-1.5.0-gcj-4.8-amd64/jre --enable-java-home --with-jvm-root-dir=/usr/lib/jvm/java-1.5.0-gcj-4.8-amd64 --with-jvm-jar-dir=/usr/lib/jvm-exports/java-1.5.0-gcj-4.8-amd64 --with-arch-directory=amd64 --with-ecj-jar=/usr/share/java/eclipse-ecj.jar --enable-objc-gc --enable-multiarch --disable-werror --with-arch-32=i686 --with-abi=m64 --with-multilib-list=m32,m64,mx32 --with-tune=generic --enable-checking=release --build=x86_64-linux-gnu --host=x86_64-linux-gnu --target=x86_64-linux-gnu]
  ignore line: [Thread model: posix]
  ignore line: [gcc version 4.8.2 (Ubuntu 4.8.2-19ubuntu1) ]
  ignore line: [Reading specs from /usr/lib/gcc/x86_64-linux-gnu/4.8/libgfortran.spec]
  ignore line: [rename spec lib to liborig]
  ignore line: [COLLECT_GCC_OPTIONS='-v' '-o' 'cmTryCompileExec3902043637' '-rdynamic' '-shared-libgcc' '-mtune=generic' '-march=x86-64']
  ignore line: [COMPILER_PATH=/usr/lib/gcc/x86_64-linux-gnu/4.8/:/usr/lib/gcc/x86_64-linux-gnu/4.8/:/usr/lib/gcc/x86_64-linux-gnu/:/usr/lib/gcc/x86_64-linux-gnu/4.8/:/usr/lib/gcc/x86_64-linux-gnu/]
  ignore line: [LIBRARY_PATH=/usr/lib/gcc/x86_64-linux-gnu/4.8/:/usr/lib/gcc/x86_64-linux-gnu/4.8/../../../x86_64-linux-gnu/:/usr/lib/gcc/x86_64-linux-gnu/4.8/../../../../lib/:/lib/x86_64-linux-gnu/:/lib/../lib/:/usr/lib/x86_64-linux-gnu/:/usr/lib/../lib/:/usr/lib/gcc/x86_64-linux-gnu/4.8/../../../:/lib/:/usr/lib/]
  ignore line: [COLLECT_GCC_OPTIONS='-v' '-o' 'cmTryCompileExec3902043637' '-rdynamic' '-shared-libgcc' '-mtune=generic' '-march=x86-64']
  link line: [ /usr/lib/gcc/x86_64-linux-gnu/4.8/collect2 --sysroot=/ --build-id --eh-frame-hdr -m elf_x86_64 --hash-style=gnu --as-needed -export-dynamic -dynamic-linker /lib64/ld-linux-x86-64.so.2 -z relro -o cmTryCompileExec3902043637 /usr/lib/gcc/x86_64-linux-gnu/4.8/../../../x86_64-linux-gnu/crt1.o /usr/lib/gcc/x86_64-linux-gnu/4.8/../../../x86_64-linux-gnu/crti.o /usr/lib/gcc/x86_64-linux-gnu/4.8/crtbegin.o -L/usr/lib/gcc/x86_64-linux-gnu/4.8 -L/usr/lib/gcc/x86_64-linux-gnu/4.8/../../../x86_64-linux-gnu -L/usr/lib/gcc/x86_64-linux-gnu/4.8/../../../../lib -L/lib/x86_64-linux-gnu -L/lib/../lib -L/usr/lib/x86_64-linux-gnu -L/usr/lib/../lib -L/usr/lib/gcc/x86_64-linux-gnu/4.8/../../.. CMakeFiles/cmTryCompileExec3902043637.dir/CMakeFortranCompilerABI.F.o -lgfortran -lm -lgcc_s -lgcc -lquadmath -lm -lgcc_s -lgcc -lc -lgcc_s -lgcc /usr/lib/gcc/x86_64-linux-gnu/4.8/crtend.o /usr/lib/gcc/x86_64-linux-gnu/4.8/../../../x86_64-linux-gnu/crtn.o]
    arg [/usr/lib/gcc/x86_64-linux-gnu/4.8/collect2] ==> ignore
    arg [--sysroot=/] ==> ignore
    arg [--build-id] ==> ignore
    arg [--eh-frame-hdr] ==> ignore
    arg [-m] ==> ignore
    arg [elf_x86_64] ==> ignore
    arg [--hash-style=gnu] ==> ignore
    arg [--as-needed] ==> ignore
    arg [-export-dynamic] ==> ignore
    arg [-dynamic-linker] ==> ignore
    arg [/lib64/ld-linux-x86-64.so.2] ==> ignore
    arg [-zrelro] ==> ignore
    arg [-o] ==> ignore
    arg [cmTryCompileExec3902043637] ==> ignore
    arg [/usr/lib/gcc/x86_64-linux-gnu/4.8/../../../x86_64-linux-gnu/crt1.o] ==> ignore
    arg [/usr/lib/gcc/x86_64-linux-gnu/4.8/../../../x86_64-linux-gnu/crti.o] ==> ignore
    arg [/usr/lib/gcc/x86_64-linux-gnu/4.8/crtbegin.o] ==> ignore
    arg [-L/usr/lib/gcc/x86_64-linux-gnu/4.8] ==> dir [/usr/lib/gcc/x86_64-linux-gnu/4.8]
    arg [-L/usr/lib/gcc/x86_64-linux-gnu/4.8/../../../x86_64-linux-gnu] ==> dir [/usr/lib/gcc/x86_64-linux-gnu/4.8/../../../x86_64-linux-gnu]
    arg [-L/usr/lib/gcc/x86_64-linux-gnu/4.8/../../../../lib] ==> dir [/usr/lib/gcc/x86_64-linux-gnu/4.8/../../../../lib]
    arg [-L/lib/x86_64-linux-gnu] ==> dir [/lib/x86_64-linux-gnu]
    arg [-L/lib/../lib] ==> dir [/lib/../lib]
    arg [-L/usr/lib/x86_64-linux-gnu] ==> dir [/usr/lib/x86_64-linux-gnu]
    arg [-L/usr/lib/../lib] ==> dir [/usr/lib/../lib]
    arg [-L/usr/lib/gcc/x86_64-linux-gnu/4.8/../../..] ==> dir [/usr/lib/gcc/x86_64-linux-gnu/4.8/../../..]
    arg [CMakeFiles/cmTryCompileExec3902043637.dir/CMakeFortranCompilerABI.F.o] ==> ignore
    arg [-lgfortran] ==> lib [gfortran]
    arg [-lm] ==> lib [m]
    arg [-lgcc_s] ==> lib [gcc_s]
    arg [-lgcc] ==> lib [gcc]
    arg [-lquadmath] ==> lib [quadmath]
    arg [-lm] ==> lib [m]
    arg [-lgcc_s] ==> lib [gcc_s]
    arg [-lgcc] ==> lib [gcc]
    arg [-lc] ==> lib [c]
    arg [-lgcc_s] ==> lib [gcc_s]
    arg [-lgcc] ==> lib [gcc]
    arg [/usr/lib/gcc/x86_64-linux-gnu/4.8/crtend.o] ==> ignore
    arg [/usr/lib/gcc/x86_64-linux-gnu/4.8/../../../x86_64-linux-gnu/crtn.o] ==> ignore
  remove lib [gcc_s]
  remove lib [gcc]
  remove lib [gcc_s]
  remove lib [gcc]
  remove lib [gcc_s]
  remove lib [gcc]
  collapse library dir [/usr/lib/gcc/x86_64-linux-gnu/4.8] ==> [/usr/lib/gcc/x86_64-linux-gnu/4.8]
  collapse library dir [/usr/lib/gcc/x86_64-linux-gnu/4.8/../../../x86_64-linux-gnu] ==> [/usr/lib/x86_64-linux-gnu]
  collapse library dir [/usr/lib/gcc/x86_64-linux-gnu/4.8/../../../../lib] ==> [/usr/lib]
  collapse library dir [/lib/x86_64-linux-gnu] ==> [/lib/x86_64-linux-gnu]
  collapse library dir [/lib/../lib] ==> [/lib]
  collapse library dir [/usr/lib/x86_64-linux-gnu] ==> [/usr/lib/x86_64-linux-gnu]
  collapse library dir [/usr/lib/../lib] ==> [/usr/lib]
  collapse library dir [/usr/lib/gcc/x86_64-linux-gnu/4.8/../../..] ==> [/usr/lib]
  implicit libs: [gfortran;m;quadmath;m;c]
  implicit dirs: [/usr/lib/gcc/x86_64-linux-gnu/4.8;/usr/lib/x86_64-linux-gnu;/usr/lib;/lib/x86_64-linux-gnu;/lib]
  implicit fwks: []


Determining if the Fortran compiler supports Fortran 90 passed with the following output:
Change Dir: /home/beomjoon/Documents/Github/drake-distro/eigen/pod-build/CMakeFiles/CMakeTmp

Run Build Command:/usr/bin/gmake "cmTryCompileExec979836852/fast"
gmake[3]: Entering directory `/home/beomjoon/Documents/Github/drake-distro/eigen/pod-build/CMakeFiles/CMakeTmp'
/usr/bin/gmake -f CMakeFiles/cmTryCompileExec979836852.dir/build.make CMakeFiles/cmTryCompileExec979836852.dir/build
gmake[4]: Entering directory `/home/beomjoon/Documents/Github/drake-distro/eigen/pod-build/CMakeFiles/CMakeTmp'
/usr/bin/cmake -E cmake_progress_report /home/beomjoon/Documents/Github/drake-distro/eigen/pod-build/CMakeFiles/CMakeTmp/CMakeFiles 1
Building Fortran object CMakeFiles/cmTryCompileExec979836852.dir/testFortranCompilerF90.f90.o
/usr/bin/gfortran    -c /home/beomjoon/Documents/Github/drake-distro/eigen/pod-build/CMakeFiles/CMakeTmp/testFortranCompilerF90.f90 -o CMakeFiles/cmTryCompileExec979836852.dir/testFortranCompilerF90.f90.o
Linking Fortran executable cmTryCompileExec979836852
/usr/bin/cmake -E cmake_link_script CMakeFiles/cmTryCompileExec979836852.dir/link.txt --verbose=1
/usr/bin/gfortran       CMakeFiles/cmTryCompileExec979836852.dir/testFortranCompilerF90.f90.o  -o cmTryCompileExec979836852 -rdynamic 
gmake[4]: Leaving directory `/home/beomjoon/Documents/Github/drake-distro/eigen/pod-build/CMakeFiles/CMakeTmp'
gmake[3]: Leaving directory `/home/beomjoon/Documents/Github/drake-distro/eigen/pod-build/CMakeFiles/CMakeTmp'


Determining if the function XOpenDisplay exists in the /usr/lib/x86_64-linux-gnu/libX11.so;/usr/lib/x86_64-linux-gnu/libXext.so passed with the following output:
Change Dir: /home/beomjoon/Documents/Github/drake-distro/eigen/pod-build/CMakeFiles/CMakeTmp

Run Build Command:/usr/bin/gmake "cmTryCompileExec2210883963/fast"
gmake[3]: Entering directory `/home/beomjoon/Documents/Github/drake-distro/eigen/pod-build/CMakeFiles/CMakeTmp'
/usr/bin/gmake -f CMakeFiles/cmTryCompileExec2210883963.dir/build.make CMakeFiles/cmTryCompileExec2210883963.dir/build
gmake[4]: Entering directory `/home/beomjoon/Documents/Github/drake-distro/eigen/pod-build/CMakeFiles/CMakeTmp'
/usr/bin/cmake -E cmake_progress_report /home/beomjoon/Documents/Github/drake-distro/eigen/pod-build/CMakeFiles/CMakeTmp/CMakeFiles 1
Building C object CMakeFiles/cmTryCompileExec2210883963.dir/CheckFunctionExists.c.o
/usr/bin/cc   -DCHECK_FUNCTION_EXISTS=XOpenDisplay   -o CMakeFiles/cmTryCompileExec2210883963.dir/CheckFunctionExists.c.o   -c /usr/share/cmake-2.8/Modules/CheckFunctionExists.c
Linking C executable cmTryCompileExec2210883963
/usr/bin/cmake -E cmake_link_script CMakeFiles/cmTryCompileExec2210883963.dir/link.txt --verbose=1
/usr/bin/cc   -DCHECK_FUNCTION_EXISTS=XOpenDisplay    CMakeFiles/cmTryCompileExec2210883963.dir/CheckFunctionExists.c.o  -o cmTryCompileExec2210883963 -rdynamic -lX11 -lXext 
gmake[4]: Leaving directory `/home/beomjoon/Documents/Github/drake-distro/eigen/pod-build/CMakeFiles/CMakeTmp'
gmake[3]: Leaving directory `/home/beomjoon/Documents/Github/drake-distro/eigen/pod-build/CMakeFiles/CMakeTmp'


Determining if the function gethostbyname exists passed with the following output:
Change Dir: /home/beomjoon/Documents/Github/drake-distro/eigen/pod-build/CMakeFiles/CMakeTmp

Run Build Command:/usr/bin/gmake "cmTryCompileExec127098777/fast"
gmake[3]: Entering directory `/home/beomjoon/Documents/Github/drake-distro/eigen/pod-build/CMakeFiles/CMakeTmp'
/usr/bin/gmake -f CMakeFiles/cmTryCompileExec127098777.dir/build.make CMakeFiles/cmTryCompileExec127098777.dir/build
gmake[4]: Entering directory `/home/beomjoon/Documents/Github/drake-distro/eigen/pod-build/CMakeFiles/CMakeTmp'
/usr/bin/cmake -E cmake_progress_report /home/beomjoon/Documents/Github/drake-distro/eigen/pod-build/CMakeFiles/CMakeTmp/CMakeFiles 1
Building C object CMakeFiles/cmTryCompileExec127098777.dir/CheckFunctionExists.c.o
/usr/bin/cc   -DCHECK_FUNCTION_EXISTS=gethostbyname   -o CMakeFiles/cmTryCompileExec127098777.dir/CheckFunctionExists.c.o   -c /usr/share/cmake-2.8/Modules/CheckFunctionExists.c
Linking C executable cmTryCompileExec127098777
/usr/bin/cmake -E cmake_link_script CMakeFiles/cmTryCompileExec127098777.dir/link.txt --verbose=1
/usr/bin/cc   -DCHECK_FUNCTION_EXISTS=gethostbyname    CMakeFiles/cmTryCompileExec127098777.dir/CheckFunctionExists.c.o  -o cmTryCompileExec127098777 -rdynamic 
gmake[4]: Leaving directory `/home/beomjoon/Documents/Github/drake-distro/eigen/pod-build/CMakeFiles/CMakeTmp'
gmake[3]: Leaving directory `/home/beomjoon/Documents/Github/drake-distro/eigen/pod-build/CMakeFiles/CMakeTmp'


Determining if the function connect exists passed with the following output:
Change Dir: /home/beomjoon/Documents/Github/drake-distro/eigen/pod-build/CMakeFiles/CMakeTmp

Run Build Command:/usr/bin/gmake "cmTryCompileExec1235998249/fast"
gmake[3]: Entering directory `/home/beomjoon/Documents/Github/drake-distro/eigen/pod-build/CMakeFiles/CMakeTmp'
/usr/bin/gmake -f CMakeFiles/cmTryCompileExec1235998249.dir/build.make CMakeFiles/cmTryCompileExec1235998249.dir/build
gmake[4]: Entering directory `/home/beomjoon/Documents/Github/drake-distro/eigen/pod-build/CMakeFiles/CMakeTmp'
/usr/bin/cmake -E cmake_progress_report /home/beomjoon/Documents/Github/drake-distro/eigen/pod-build/CMakeFiles/CMakeTmp/CMakeFiles 1
Building C object CMakeFiles/cmTryCompileExec1235998249.dir/CheckFunctionExists.c.o
/usr/bin/cc   -DCHECK_FUNCTION_EXISTS=connect   -o CMakeFiles/cmTryCompileExec1235998249.dir/CheckFunctionExists.c.o   -c /usr/share/cmake-2.8/Modules/CheckFunctionExists.c
Linking C executable cmTryCompileExec1235998249
/usr/bin/cmake -E cmake_link_script CMakeFiles/cmTryCompileExec1235998249.dir/link.txt --verbose=1
/usr/bin/cc   -DCHECK_FUNCTION_EXISTS=connect    CMakeFiles/cmTryCompileExec1235998249.dir/CheckFunctionExists.c.o  -o cmTryCompileExec1235998249 -rdynamic 
gmake[4]: Leaving directory `/home/beomjoon/Documents/Github/drake-distro/eigen/pod-build/CMakeFiles/CMakeTmp'
gmake[3]: Leaving directory `/home/beomjoon/Documents/Github/drake-distro/eigen/pod-build/CMakeFiles/CMakeTmp'


Determining if the function remove exists passed with the following output:
Change Dir: /home/beomjoon/Documents/Github/drake-distro/eigen/pod-build/CMakeFiles/CMakeTmp

Run Build Command:/usr/bin/gmake "cmTryCompileExec3610628626/fast"
gmake[3]: Entering directory `/home/beomjoon/Documents/Github/drake-distro/eigen/pod-build/CMakeFiles/CMakeTmp'
/usr/bin/gmake -f CMakeFiles/cmTryCompileExec3610628626.dir/build.make CMakeFiles/cmTryCompileExec3610628626.dir/build
gmake[4]: Entering directory `/home/beomjoon/Documents/Github/drake-distro/eigen/pod-build/CMakeFiles/CMakeTmp'
/usr/bin/cmake -E cmake_progress_report /home/beomjoon/Documents/Github/drake-distro/eigen/pod-build/CMakeFiles/CMakeTmp/CMakeFiles 1
Building C object CMakeFiles/cmTryCompileExec3610628626.dir/CheckFunctionExists.c.o
/usr/bin/cc   -DCHECK_FUNCTION_EXISTS=remove   -o CMakeFiles/cmTryCompileExec3610628626.dir/CheckFunctionExists.c.o   -c /usr/share/cmake-2.8/Modules/CheckFunctionExists.c
Linking C executable cmTryCompileExec3610628626
/usr/bin/cmake -E cmake_link_script CMakeFiles/cmTryCompileExec3610628626.dir/link.txt --verbose=1
/usr/bin/cc   -DCHECK_FUNCTION_EXISTS=remove    CMakeFiles/cmTryCompileExec3610628626.dir/CheckFunctionExists.c.o  -o cmTryCompileExec3610628626 -rdynamic 
gmake[4]: Leaving directory `/home/beomjoon/Documents/Github/drake-distro/eigen/pod-build/CMakeFiles/CMakeTmp'
gmake[3]: Leaving directory `/home/beomjoon/Documents/Github/drake-distro/eigen/pod-build/CMakeFiles/CMakeTmp'


Determining if the function shmat exists passed with the following output:
Change Dir: /home/beomjoon/Documents/Github/drake-distro/eigen/pod-build/CMakeFiles/CMakeTmp

Run Build Command:/usr/bin/gmake "cmTryCompileExec1423189111/fast"
gmake[3]: Entering directory `/home/beomjoon/Documents/Github/drake-distro/eigen/pod-build/CMakeFiles/CMakeTmp'
/usr/bin/gmake -f CMakeFiles/cmTryCompileExec1423189111.dir/build.make CMakeFiles/cmTryCompileExec1423189111.dir/build
gmake[4]: Entering directory `/home/beomjoon/Documents/Github/drake-distro/eigen/pod-build/CMakeFiles/CMakeTmp'
/usr/bin/cmake -E cmake_progress_report /home/beomjoon/Documents/Github/drake-distro/eigen/pod-build/CMakeFiles/CMakeTmp/CMakeFiles 1
Building C object CMakeFiles/cmTryCompileExec1423189111.dir/CheckFunctionExists.c.o
/usr/bin/cc   -DCHECK_FUNCTION_EXISTS=shmat   -o CMakeFiles/cmTryCompileExec1423189111.dir/CheckFunctionExists.c.o   -c /usr/share/cmake-2.8/Modules/CheckFunctionExists.c
Linking C executable cmTryCompileExec1423189111
/usr/bin/cmake -E cmake_link_script CMakeFiles/cmTryCompileExec1423189111.dir/link.txt --verbose=1
/usr/bin/cc   -DCHECK_FUNCTION_EXISTS=shmat    CMakeFiles/cmTryCompileExec1423189111.dir/CheckFunctionExists.c.o  -o cmTryCompileExec1423189111 -rdynamic 
gmake[4]: Leaving directory `/home/beomjoon/Documents/Github/drake-distro/eigen/pod-build/CMakeFiles/CMakeTmp'
gmake[3]: Leaving directory `/home/beomjoon/Documents/Github/drake-distro/eigen/pod-build/CMakeFiles/CMakeTmp'


Determining if the function IceConnectionNumber exists in the ICE passed with the following output:
Change Dir: /home/beomjoon/Documents/Github/drake-distro/eigen/pod-build/CMakeFiles/CMakeTmp

Run Build Command:/usr/bin/gmake "cmTryCompileExec69729588/fast"
gmake[3]: Entering directory `/home/beomjoon/Documents/Github/drake-distro/eigen/pod-build/CMakeFiles/CMakeTmp'
/usr/bin/gmake -f CMakeFiles/cmTryCompileExec69729588.dir/build.make CMakeFiles/cmTryCompileExec69729588.dir/build
gmake[4]: Entering directory `/home/beomjoon/Documents/Github/drake-distro/eigen/pod-build/CMakeFiles/CMakeTmp'
/usr/bin/cmake -E cmake_progress_report /home/beomjoon/Documents/Github/drake-distro/eigen/pod-build/CMakeFiles/CMakeTmp/CMakeFiles 1
Building C object CMakeFiles/cmTryCompileExec69729588.dir/CheckFunctionExists.c.o
/usr/bin/cc   -DCHECK_FUNCTION_EXISTS=IceConnectionNumber   -o CMakeFiles/cmTryCompileExec69729588.dir/CheckFunctionExists.c.o   -c /usr/share/cmake-2.8/Modules/CheckFunctionExists.c
Linking C executable cmTryCompileExec69729588
/usr/bin/cmake -E cmake_link_script CMakeFiles/cmTryCompileExec69729588.dir/link.txt --verbose=1
/usr/bin/cc   -DCHECK_FUNCTION_EXISTS=IceConnectionNumber    CMakeFiles/cmTryCompileExec69729588.dir/CheckFunctionExists.c.o  -o cmTryCompileExec69729588 -rdynamic -lICE 
gmake[4]: Leaving directory `/home/beomjoon/Documents/Github/drake-distro/eigen/pod-build/CMakeFiles/CMakeTmp'
gmake[3]: Leaving directory `/home/beomjoon/Documents/Github/drake-distro/eigen/pod-build/CMakeFiles/CMakeTmp'


